<?xml version="1.0" encoding="UTF-8"?>
<coverage generated="1702166339323" clover="3.2.0">
  <project timestamp="1702166339323" name="All files">
    <metrics statements="251" coveredstatements="246" conditionals="152" coveredconditionals="140" methods="35" coveredmethods="33" elements="438" coveredelements="419" complexity="0" loc="251" ncloc="251" packages="4" files="8" classes="8"/>
    <package name="src">
      <metrics statements="4" coveredstatements="4" conditionals="0" coveredconditionals="0" methods="0" coveredmethods="0"/>
      <file name="Config.js" path="/home/joensjon/TiRaLab/tictactoe/src/Config.js">
        <metrics statements="4" coveredstatements="4" conditionals="0" coveredconditionals="0" methods="0" coveredmethods="0"/>
        <line num="1" count="4" type="stmt"/>
        <line num="2" count="4" type="stmt"/>
        <line num="4" count="4" type="stmt"/>
        <line num="10" count="4" type="stmt"/>
      </file>
    </package>
    <package name="src.components">
      <metrics statements="44" coveredstatements="40" conditionals="21" coveredconditionals="18" methods="14" coveredmethods="12"/>
      <file name="GameBoard.jsx" path="/home/joensjon/TiRaLab/tictactoe/src/components/GameBoard.jsx">
        <metrics statements="30" coveredstatements="26" conditionals="17" coveredconditionals="14" methods="12" coveredmethods="10"/>
        <line num="9" count="1" type="stmt"/>
        <line num="11" count="80" type="stmt"/>
        <line num="12" count="4" type="stmt"/>
        <line num="15" count="4" type="stmt"/>
        <line num="16" count="4" type="cond" truecount="4" falsecount="0"/>
        <line num="18" count="1" type="stmt"/>
        <line num="19" count="1" type="cond" truecount="1" falsecount="1"/>
        <line num="21" count="1" type="stmt"/>
        <line num="22" count="400" type="cond" truecount="4" falsecount="0"/>
        <line num="24" count="1" type="stmt"/>
        <line num="27" count="1" type="stmt"/>
        <line num="28" count="1" type="stmt"/>
        <line num="31" count="1" type="stmt"/>
        <line num="38" count="4" type="stmt"/>
        <line num="40" count="1" type="cond" truecount="4" falsecount="1"/>
        <line num="41" count="0" type="stmt"/>
        <line num="45" count="20" type="stmt"/>
        <line num="46" count="1" type="stmt"/>
        <line num="47" count="1" type="stmt"/>
        <line num="50" count="1" type="stmt"/>
        <line num="51" count="1" type="stmt"/>
        <line num="54" count="1" type="cond" truecount="1" falsecount="1"/>
        <line num="58" count="4" type="stmt"/>
        <line num="60" count="0" type="stmt"/>
        <line num="61" count="0" type="stmt"/>
        <line num="62" count="0" type="stmt"/>
        <line num="66" count="4" type="stmt"/>
        <line num="71" count="80" type="stmt"/>
        <line num="73" count="1600" type="stmt"/>
        <line num="77" count="1" type="stmt"/>
      </file>
      <file name="GameOver.jsx" path="/home/joensjon/TiRaLab/tictactoe/src/components/GameOver.jsx">
        <metrics statements="11" coveredstatements="11" conditionals="4" coveredconditionals="4" methods="1" coveredmethods="1"/>
        <line num="3" count="1" type="stmt"/>
        <line num="4" count="4" type="stmt"/>
        <line num="5" count="4" type="cond" truecount="4" falsecount="0"/>
        <line num="7" count="1" type="stmt"/>
        <line num="8" count="1" type="stmt"/>
        <line num="10" count="1" type="stmt"/>
        <line num="11" count="1" type="stmt"/>
        <line num="13" count="1" type="stmt"/>
        <line num="14" count="1" type="stmt"/>
        <line num="16" count="1" type="stmt"/>
        <line num="19" count="4" type="stmt"/>
      </file>
      <file name="GameState.js" path="/home/joensjon/TiRaLab/tictactoe/src/components/GameState.js">
        <metrics statements="1" coveredstatements="1" conditionals="0" coveredconditionals="0" methods="0" coveredmethods="0"/>
        <line num="1" count="4" type="stmt"/>
      </file>
      <file name="Reset.jsx" path="/home/joensjon/TiRaLab/tictactoe/src/components/Reset.jsx">
        <metrics statements="2" coveredstatements="2" conditionals="0" coveredconditionals="0" methods="1" coveredmethods="1"/>
        <line num="3" count="1" type="stmt"/>
        <line num="4" count="4" type="stmt"/>
      </file>
    </package>
    <package name="src.helpers">
      <metrics statements="16" coveredstatements="16" conditionals="17" coveredconditionals="17" methods="1" coveredmethods="1"/>
      <file name="HelperFunctions.jsx" path="/home/joensjon/TiRaLab/tictactoe/src/helpers/HelperFunctions.jsx">
        <metrics statements="16" coveredstatements="16" conditionals="17" coveredconditionals="17" methods="1" coveredmethods="1"/>
        <line num="1" count="3" type="stmt"/>
        <line num="2" count="528" type="stmt"/>
        <line num="3" count="528" type="stmt"/>
        <line num="5" count="528" type="stmt"/>
        <line num="6" count="10560" type="stmt"/>
        <line num="7" count="211200" type="cond" truecount="2" falsecount="0"/>
        <line num="9" count="207699" type="stmt"/>
        <line num="12" count="207699" type="cond" truecount="2" falsecount="0"/>
        <line num="13" count="612176" type="cond" truecount="2" falsecount="0"/>
        <line num="14" count="1827998" type="cond" truecount="4" falsecount="0"/>
        <line num="16" count="1625952" type="stmt"/>
        <line num="17" count="1625952" type="stmt"/>
        <line num="19" count="1625952" type="cond" truecount="7" falsecount="0"/>
        <line num="20" count="6401" type="stmt"/>
        <line num="21" count="6401" type="stmt"/>
        <line num="28" count="528" type="stmt"/>
      </file>
    </package>
    <package name="src.logic">
      <metrics statements="187" coveredstatements="186" conditionals="114" coveredconditionals="105" methods="20" coveredmethods="20"/>
      <file name="AI.jsx" path="/home/joensjon/TiRaLab/tictactoe/src/logic/AI.jsx">
        <metrics statements="61" coveredstatements="61" conditionals="20" coveredconditionals="19" methods="4" coveredmethods="4"/>
        <line num="6" count="2" type="stmt"/>
        <line num="8" count="9" type="stmt"/>
        <line num="10" count="51" type="stmt"/>
        <line num="13" count="51" type="stmt"/>
        <line num="16" count="51" type="cond" truecount="2" falsecount="0"/>
        <line num="18" count="5" type="stmt"/>
        <line num="20" count="5" type="stmt"/>
        <line num="21" count="5" type="stmt"/>
        <line num="25" count="46" type="stmt"/>
        <line num="28" count="4" type="stmt"/>
        <line num="32" count="2" type="stmt"/>
        <line num="34" count="4" type="stmt"/>
        <line num="37" count="4" type="stmt"/>
        <line num="38" count="4" type="cond" truecount="2" falsecount="0"/>
        <line num="39" count="1" type="stmt"/>
        <line num="43" count="3" type="stmt"/>
        <line num="44" count="3" type="stmt"/>
        <line num="45" count="3" type="stmt"/>
        <line num="48" count="3" type="stmt"/>
        <line num="50" count="20" type="stmt"/>
        <line num="53" count="20" type="stmt"/>
        <line num="56" count="20" type="stmt"/>
        <line num="59" count="20" type="cond" truecount="2" falsecount="0"/>
        <line num="60" count="5" type="stmt"/>
        <line num="61" count="5" type="stmt"/>
        <line num="63" count="5" type="stmt"/>
        <line num="68" count="3" type="stmt"/>
        <line num="72" count="2" type="stmt"/>
        <line num="74" count="2034" type="cond" truecount="2" falsecount="0"/>
        <line num="75" count="1518" type="stmt"/>
        <line num="79" count="516" type="stmt"/>
        <line num="80" count="516" type="cond" truecount="2" falsecount="0"/>
        <line num="81" count="1" type="stmt"/>
        <line num="85" count="515" type="cond" truecount="2" falsecount="0"/>
        <line num="86" count="59" type="stmt"/>
        <line num="87" count="59" type="stmt"/>
        <line num="88" count="59" type="stmt"/>
        <line num="89" count="436" type="stmt"/>
        <line num="90" count="436" type="stmt"/>
        <line num="91" count="436" type="stmt"/>
        <line num="92" count="436" type="stmt"/>
        <line num="93" count="436" type="stmt"/>
        <line num="94" count="436" type="cond" truecount="2" falsecount="0"/>
        <line num="95" count="23" type="stmt"/>
        <line num="98" count="59" type="stmt"/>
        <line num="102" count="456" type="stmt"/>
        <line num="103" count="456" type="stmt"/>
        <line num="104" count="456" type="stmt"/>
        <line num="105" count="1578" type="cond" truecount="1" falsecount="1"/>
        <line num="106" count="1578" type="stmt"/>
        <line num="107" count="1578" type="stmt"/>
        <line num="108" count="1578" type="stmt"/>
        <line num="109" count="1578" type="stmt"/>
        <line num="110" count="1578" type="cond" truecount="2" falsecount="0"/>
        <line num="111" count="375" type="stmt"/>
        <line num="114" count="456" type="stmt"/>
        <line num="119" count="2" type="stmt"/>
        <line num="121" count="1521" type="stmt"/>
        <line num="122" count="1521" type="stmt"/>
        <line num="125" count="1521" type="cond" truecount="2" falsecount="0"/>
        <line num="128" count="1520" type="stmt"/>
      </file>
      <file name="GameHeuristics.jsx" path="/home/joensjon/TiRaLab/tictactoe/src/logic/GameHeuristics.jsx">
        <metrics statements="126" coveredstatements="125" conditionals="94" coveredconditionals="86" methods="16" coveredmethods="16"/>
        <line num="5" count="3" type="stmt"/>
        <line num="6" count="523" type="stmt"/>
        <line num="9" count="523" type="cond" truecount="2" falsecount="0"/>
        <line num="10" count="42" type="stmt"/>
        <line num="11" count="42" type="cond" truecount="1" falsecount="1"/>
        <line num="15" count="523" type="cond" truecount="2" falsecount="0"/>
        <line num="16" count="69" type="stmt"/>
        <line num="17" count="69" type="cond" truecount="2" falsecount="0"/>
        <line num="19" count="521" type="stmt"/>
        <line num="22" count="3" type="stmt"/>
        <line num="23" count="521" type="stmt"/>
        <line num="26" count="521" type="cond" truecount="2" falsecount="0"/>
        <line num="27" count="53" type="stmt"/>
        <line num="28" count="53" type="cond" truecount="1" falsecount="1"/>
        <line num="31" count="521" type="cond" truecount="2" falsecount="0"/>
        <line num="32" count="12" type="stmt"/>
        <line num="33" count="12" type="cond" truecount="2" falsecount="0"/>
        <line num="35" count="520" type="stmt"/>
        <line num="38" count="3" type="stmt"/>
        <line num="39" count="520" type="stmt"/>
        <line num="43" count="520" type="cond" truecount="3" falsecount="0"/>
        <line num="44" count="46" type="stmt"/>
        <line num="45" count="46" type="cond" truecount="1" falsecount="1"/>
        <line num="48" count="520" type="cond" truecount="3" falsecount="0"/>
        <line num="49" count="1" type="stmt"/>
        <line num="50" count="1" type="cond" truecount="1" falsecount="1"/>
        <line num="54" count="520" type="stmt"/>
        <line num="58" count="520" type="cond" truecount="3" falsecount="0"/>
        <line num="59" count="48" type="stmt"/>
        <line num="60" count="48" type="cond" truecount="1" falsecount="1"/>
        <line num="63" count="520" type="cond" truecount="3" falsecount="0"/>
        <line num="64" count="14" type="stmt"/>
        <line num="65" count="14" type="cond" truecount="1" falsecount="1"/>
        <line num="68" count="520" type="stmt"/>
        <line num="72" count="3" type="stmt"/>
        <line num="74" count="7" type="stmt"/>
        <line num="77" count="7" type="cond" truecount="5" falsecount="0"/>
        <line num="81" count="2" type="cond" truecount="2" falsecount="0"/>
        <line num="85" count="406" type="stmt"/>
        <line num="86" count="5" type="cond" truecount="2" falsecount="0"/>
        <line num="88" count="1" type="stmt"/>
        <line num="92" count="4" type="stmt"/>
        <line num="96" count="3" type="stmt"/>
        <line num="98" count="516" type="stmt"/>
        <line num="101" count="516" type="cond" truecount="5" falsecount="0"/>
        <line num="105" count="1" type="cond" truecount="1" falsecount="1"/>
        <line num="109" count="684" type="stmt"/>
        <line num="110" count="515" type="cond" truecount="1" falsecount="1"/>
        <line num="112" count="0" type="stmt"/>
        <line num="116" count="515" type="stmt"/>
        <line num="119" count="3" type="stmt"/>
        <line num="121" count="3097" type="stmt"/>
        <line num="122" count="3097" type="stmt"/>
        <line num="123" count="3097" type="stmt"/>
        <line num="126" count="3097" type="stmt"/>
        <line num="129" count="3" type="stmt"/>
        <line num="130" count="3100" type="stmt"/>
        <line num="132" count="3100" type="stmt"/>
        <line num="133" count="62000" type="stmt"/>
        <line num="134" count="1240000" type="stmt"/>
        <line num="136" count="62000" type="stmt"/>
        <line num="139" count="3100" type="stmt"/>
        <line num="142" count="3" type="stmt"/>
        <line num="143" count="3099" type="stmt"/>
        <line num="145" count="3099" type="stmt"/>
        <line num="146" count="61980" type="stmt"/>
        <line num="147" count="1239600" type="stmt"/>
        <line num="149" count="61980" type="stmt"/>
        <line num="152" count="3099" type="stmt"/>
        <line num="155" count="3" type="stmt"/>
        <line num="156" count="3097" type="stmt"/>
        <line num="157" count="3097" type="stmt"/>
        <line num="160" count="3097" type="stmt"/>
        <line num="161" count="120783" type="stmt"/>
        <line num="162" count="120783" type="stmt"/>
        <line num="163" count="120783" type="stmt"/>
        <line num="164" count="1238800" type="stmt"/>
        <line num="166" count="120783" type="stmt"/>
        <line num="170" count="3097" type="stmt"/>
        <line num="171" count="120783" type="stmt"/>
        <line num="172" count="120783" type="stmt"/>
        <line num="173" count="120783" type="stmt"/>
        <line num="174" count="1238800" type="stmt"/>
        <line num="176" count="120783" type="stmt"/>
        <line num="178" count="3097" type="stmt"/>
        <line num="182" count="3" type="stmt"/>
        <line num="184" count="36787" type="stmt"/>
        <line num="187" count="36787" type="cond" truecount="4" falsecount="0"/>
        <line num="189" count="31353" type="cond" truecount="6" falsecount="0"/>
        <line num="191" count="63" type="stmt"/>
        <line num="193" count="196" type="cond" truecount="2" falsecount="0"/>
        <line num="196" count="168" type="cond" truecount="2" falsecount="0"/>
        <line num="197" count="79" type="stmt"/>
        <line num="200" count="396" type="cond" truecount="2" falsecount="0"/>
        <line num="202" count="57" type="cond" truecount="2" falsecount="0"/>
        <line num="203" count="37" type="stmt"/>
        <line num="206" count="339" type="cond" truecount="2" falsecount="0"/>
        <line num="207" count="335" type="stmt"/>
        <line num="210" count="3785" type="cond" truecount="2" falsecount="0"/>
        <line num="212" count="436" type="cond" truecount="2" falsecount="0"/>
        <line num="213" count="344" type="stmt"/>
        <line num="215" count="3349" type="stmt"/>
        <line num="218" count="26904" type="stmt"/>
        <line num="221" count="9" type="stmt"/>
        <line num="225" count="3" type="stmt"/>
        <line num="227" count="4957217" type="stmt"/>
        <line num="230" count="4957217" type="cond" truecount="2" falsecount="0"/>
        <line num="231" count="4957217" type="cond" truecount="2" falsecount="0"/>
        <line num="234" count="4957217" type="cond" truecount="2" falsecount="0"/>
        <line num="236" count="43189" type="stmt"/>
        <line num="239" count="4914028" type="cond" truecount="2" falsecount="0"/>
        <line num="241" count="4870820" type="cond" truecount="2" falsecount="0"/>
        <line num="243" count="29718" type="stmt"/>
        <line num="245" count="29718" type="stmt"/>
        <line num="247" count="29718" type="stmt"/>
        <line num="250" count="4870820" type="stmt"/>
        <line num="253" count="43208" type="cond" truecount="4" falsecount="0"/>
        <line num="255" count="6310" type="stmt"/>
        <line num="257" count="6310" type="stmt"/>
        <line num="259" count="6310" type="stmt"/>
        <line num="264" count="36898" type="stmt"/>
        <line num="268" count="3" type="stmt"/>
        <line num="270" count="365546" type="cond" truecount="2" falsecount="0"/>
        <line num="271" count="748" type="stmt"/>
        <line num="274" count="365546" type="stmt"/>
        <line num="275" count="365546" type="stmt"/>
      </file>
    </package>
  </project>
</coverage>
