<?xml version="1.0" encoding="UTF-8"?>
<coverage generated="1700234026787" clover="3.2.0">
  <project timestamp="1700234026787" name="All files">
    <metrics statements="45" coveredstatements="40" conditionals="30" coveredconditionals="25" methods="12" coveredmethods="11" elements="87" coveredelements="76" complexity="0" loc="45" ncloc="45" packages="2" files="2" classes="2"/>
    <package name="components">
      <metrics statements="22" coveredstatements="17" conditionals="10" coveredconditionals="8" methods="9" coveredmethods="8"/>
      <file name="GameBoard.jsx" path="/home/joensjon/TiRaLab/tictactoe/src/components/GameBoard.jsx">
        <metrics statements="22" coveredstatements="17" conditionals="10" coveredconditionals="8" methods="9" coveredmethods="8"/>
        <line num="5" count="1" type="stmt"/>
        <line num="6" count="120" type="stmt"/>
        <line num="7" count="6" type="stmt"/>
        <line num="8" count="6" type="stmt"/>
        <line num="10" count="6" type="stmt"/>
        <line num="11" count="0" type="stmt"/>
        <line num="12" count="0" type="stmt"/>
        <line num="15" count="6" type="stmt"/>
        <line num="16" count="3" type="cond" truecount="1" falsecount="1"/>
        <line num="17" count="0" type="stmt"/>
        <line num="20" count="3" type="stmt"/>
        <line num="21" count="60" type="stmt"/>
        <line num="22" count="1200" type="cond" truecount="4" falsecount="0"/>
        <line num="23" count="3" type="stmt"/>
        <line num="26" count="3" type="cond" truecount="1" falsecount="1"/>
        <line num="27" count="0" type="stmt"/>
        <line num="28" count="0" type="stmt"/>
        <line num="31" count="3" type="cond" truecount="2" falsecount="0"/>
        <line num="35" count="6" type="stmt"/>
        <line num="38" count="120" type="stmt"/>
        <line num="40" count="2400" type="stmt"/>
        <line num="44" count="3" type="stmt"/>
      </file>
    </package>
    <package name="logic">
      <metrics statements="23" coveredstatements="23" conditionals="20" coveredconditionals="17" methods="3" coveredmethods="3"/>
      <file name="GameHeuristics.jsx" path="/home/joensjon/TiRaLab/tictactoe/src/logic/GameHeuristics.jsx">
        <metrics statements="23" coveredstatements="23" conditionals="20" coveredconditionals="17" methods="3" coveredmethods="3"/>
        <line num="1" count="2" type="stmt"/>
        <line num="2" count="7" type="stmt"/>
        <line num="5" count="7" type="cond" truecount="2" falsecount="0"/>
        <line num="6" count="2" type="stmt"/>
        <line num="7" count="2" type="cond" truecount="1" falsecount="1"/>
        <line num="11" count="7" type="cond" truecount="2" falsecount="0"/>
        <line num="12" count="2" type="stmt"/>
        <line num="13" count="2" type="cond" truecount="2" falsecount="0"/>
        <line num="15" count="6" type="stmt"/>
        <line num="18" count="2" type="stmt"/>
        <line num="19" count="6" type="stmt"/>
        <line num="22" count="6" type="cond" truecount="2" falsecount="0"/>
        <line num="23" count="3" type="stmt"/>
        <line num="24" count="3" type="cond" truecount="1" falsecount="1"/>
        <line num="27" count="6" type="cond" truecount="2" falsecount="0"/>
        <line num="28" count="1" type="stmt"/>
        <line num="29" count="1" type="cond" truecount="1" falsecount="1"/>
        <line num="31" count="5" type="stmt"/>
        <line num="34" count="2" type="stmt"/>
        <line num="35" count="7" type="stmt"/>
        <line num="36" count="7" type="cond" truecount="2" falsecount="0"/>
        <line num="37" count="6" type="cond" truecount="2" falsecount="0"/>
        <line num="39" count="5" type="stmt"/>
      </file>
    </package>
  </project>
</coverage>
