{"/home/joensjon/TiRaLab/tictactoe/src/Config.js": {"path":"/home/joensjon/TiRaLab/tictactoe/src/Config.js","statementMap":{"0":{"start":{"line":1,"column":22},"end":{"line":1,"column":25}},"1":{"start":{"line":2,"column":18},"end":{"line":2,"column":21}},"2":{"start":{"line":4,"column":22},"end":{"line":8,"column":1}},"3":{"start":{"line":10,"column":22},"end":{"line":14,"column":1}}},"fnMap":{},"branchMap":{},"s":{"0":4,"1":4,"2":4,"3":4},"f":{},"b":{},"_coverageSchema":"1a1c01bbd47fc00a2c39e90264f33305004495a9","hash":"b355449a927d1bfc646329d86d8f1e2e1dc1b4eb"}
,"/home/joensjon/TiRaLab/tictactoe/src/components/GameBoard.jsx": {"path":"/home/joensjon/TiRaLab/tictactoe/src/components/GameBoard.jsx","statementMap":{"0":{"start":{"line":9,"column":18},"end":{"line":87,"column":1}},"1":{"start":{"line":11,"column":28},"end":{"line":11,"column":90}},"2":{"start":{"line":11,"column":68},"end":{"line":11,"column":88}},"3":{"start":{"line":12,"column":44},"end":{"line":12,"column":60}},"4":{"start":{"line":15,"column":2},"end":{"line":35,"column":40}},"5":{"start":{"line":16,"column":4},"end":{"line":33,"column":5}},"6":{"start":{"line":18,"column":21},"end":{"line":18,"column":42}},"7":{"start":{"line":19,"column":6},"end":{"line":32,"column":7}},"8":{"start":{"line":21,"column":25},"end":{"line":23,"column":9}},"9":{"start":{"line":22,"column":10},"end":{"line":22,"column":101}},"10":{"start":{"line":22,"column":35},"end":{"line":22,"column":99}},"11":{"start":{"line":24,"column":8},"end":{"line":24,"column":27}},"12":{"start":{"line":27,"column":29},"end":{"line":27,"column":84}},"13":{"start":{"line":28,"column":8},"end":{"line":28,"column":35}},"14":{"start":{"line":31,"column":8},"end":{"line":31,"column":33}},"15":{"start":{"line":38,"column":26},"end":{"line":55,"column":3}},"16":{"start":{"line":40,"column":4},"end":{"line":42,"column":5}},"17":{"start":{"line":41,"column":6},"end":{"line":41,"column":13}},"18":{"start":{"line":45,"column":21},"end":{"line":45,"column":47}},"19":{"start":{"line":45,"column":38},"end":{"line":45,"column":46}},"20":{"start":{"line":46,"column":4},"end":{"line":46,"column":49}},"21":{"start":{"line":47,"column":4},"end":{"line":47,"column":23}},"22":{"start":{"line":50,"column":25},"end":{"line":50,"column":81}},"23":{"start":{"line":51,"column":4},"end":{"line":51,"column":31}},"24":{"start":{"line":54,"column":4},"end":{"line":54,"column":79}},"25":{"start":{"line":58,"column":22},"end":{"line":63,"column":3}},"26":{"start":{"line":60,"column":4},"end":{"line":60,"column":39}},"27":{"start":{"line":61,"column":4},"end":{"line":61,"column":67}},"28":{"start":{"line":61,"column":44},"end":{"line":61,"column":64}},"29":{"start":{"line":62,"column":4},"end":{"line":62,"column":29}},"30":{"start":{"line":66,"column":2},"end":{"line":86,"column":4}},"31":{"start":{"line":71,"column":10},"end":{"line":81,"column":16}},"32":{"start":{"line":73,"column":14},"end":{"line":79,"column":23}},"33":{"start":{"line":77,"column":31},"end":{"line":77,"column":66}}},"fnMap":{"0":{"name":"(anonymous_0)","decl":{"start":{"line":9,"column":18},"end":{"line":9,"column":19}},"loc":{"start":{"line":9,"column":52},"end":{"line":87,"column":1}},"line":9},"1":{"name":"(anonymous_1)","decl":{"start":{"line":11,"column":62},"end":{"line":11,"column":63}},"loc":{"start":{"line":11,"column":68},"end":{"line":11,"column":88}},"line":11},"2":{"name":"(anonymous_2)","decl":{"start":{"line":15,"column":12},"end":{"line":15,"column":13}},"loc":{"start":{"line":15,"column":18},"end":{"line":35,"column":3}},"line":15},"3":{"name":"(anonymous_3)","decl":{"start":{"line":21,"column":35},"end":{"line":21,"column":36}},"loc":{"start":{"line":22,"column":10},"end":{"line":22,"column":101}},"line":22},"4":{"name":"(anonymous_4)","decl":{"start":{"line":22,"column":18},"end":{"line":22,"column":19}},"loc":{"start":{"line":22,"column":35},"end":{"line":22,"column":99}},"line":22},"5":{"name":"(anonymous_5)","decl":{"start":{"line":38,"column":26},"end":{"line":38,"column":27}},"loc":{"start":{"line":38,"column":50},"end":{"line":55,"column":3}},"line":38},"6":{"name":"(anonymous_6)","decl":{"start":{"line":45,"column":31},"end":{"line":45,"column":32}},"loc":{"start":{"line":45,"column":38},"end":{"line":45,"column":46}},"line":45},"7":{"name":"(anonymous_7)","decl":{"start":{"line":58,"column":22},"end":{"line":58,"column":23}},"loc":{"start":{"line":58,"column":28},"end":{"line":63,"column":3}},"line":58},"8":{"name":"(anonymous_8)","decl":{"start":{"line":61,"column":38},"end":{"line":61,"column":39}},"loc":{"start":{"line":61,"column":44},"end":{"line":61,"column":64}},"line":61},"9":{"name":"(anonymous_9)","decl":{"start":{"line":70,"column":19},"end":{"line":70,"column":20}},"loc":{"start":{"line":71,"column":10},"end":{"line":81,"column":16}},"line":71},"10":{"name":"(anonymous_10)","decl":{"start":{"line":72,"column":21},"end":{"line":72,"column":22}},"loc":{"start":{"line":73,"column":14},"end":{"line":79,"column":23}},"line":73},"11":{"name":"(anonymous_11)","decl":{"start":{"line":77,"column":25},"end":{"line":77,"column":26}},"loc":{"start":{"line":77,"column":31},"end":{"line":77,"column":66}},"line":77}},"branchMap":{"0":{"loc":{"start":{"line":16,"column":4},"end":{"line":33,"column":5}},"type":"if","locations":[{"start":{"line":16,"column":4},"end":{"line":33,"column":5}},{"start":{},"end":{}}],"line":16},"1":{"loc":{"start":{"line":16,"column":8},"end":{"line":16,"column":66}},"type":"binary-expr","locations":[{"start":{"line":16,"column":8},"end":{"line":16,"column":28}},{"start":{"line":16,"column":32},"end":{"line":16,"column":66}}],"line":16},"2":{"loc":{"start":{"line":19,"column":6},"end":{"line":32,"column":7}},"type":"if","locations":[{"start":{"line":19,"column":6},"end":{"line":32,"column":7}},{"start":{},"end":{}}],"line":19},"3":{"loc":{"start":{"line":22,"column":35},"end":{"line":22,"column":99}},"type":"cond-expr","locations":[{"start":{"line":22,"column":90},"end":{"line":22,"column":92}},{"start":{"line":22,"column":95},"end":{"line":22,"column":99}}],"line":22},"4":{"loc":{"start":{"line":22,"column":35},"end":{"line":22,"column":87}},"type":"binary-expr","locations":[{"start":{"line":22,"column":35},"end":{"line":22,"column":59}},{"start":{"line":22,"column":63},"end":{"line":22,"column":87}}],"line":22},"5":{"loc":{"start":{"line":40,"column":4},"end":{"line":42,"column":5}},"type":"if","locations":[{"start":{"line":40,"column":4},"end":{"line":42,"column":5}},{"start":{},"end":{}}],"line":40},"6":{"loc":{"start":{"line":40,"column":8},"end":{"line":40,"column":108}},"type":"binary-expr","locations":[{"start":{"line":40,"column":8},"end":{"line":40,"column":42}},{"start":{"line":40,"column":46},"end":{"line":40,"column":70}},{"start":{"line":40,"column":74},"end":{"line":40,"column":108}}],"line":40},"7":{"loc":{"start":{"line":54,"column":4},"end":{"line":54,"column":78}},"type":"cond-expr","locations":[{"start":{"line":54,"column":31},"end":{"line":54,"column":51}},{"start":{"line":54,"column":54},"end":{"line":54,"column":78}}],"line":54}},"s":{"0":1,"1":4,"2":80,"3":4,"4":4,"5":4,"6":1,"7":1,"8":1,"9":20,"10":400,"11":1,"12":1,"13":1,"14":1,"15":4,"16":1,"17":0,"18":1,"19":20,"20":1,"21":1,"22":1,"23":1,"24":1,"25":4,"26":0,"27":0,"28":0,"29":0,"30":4,"31":80,"32":1600,"33":1},"f":{"0":4,"1":80,"2":4,"3":20,"4":400,"5":1,"6":20,"7":0,"8":0,"9":80,"10":1600,"11":1},"b":{"0":[1,3],"1":[4,1],"2":[1,0],"3":[1,399],"4":[400,20],"5":[0,1],"6":[1,1,1],"7":[1,0]},"_coverageSchema":"1a1c01bbd47fc00a2c39e90264f33305004495a9","hash":"73654bd8f0543dc49dd27e93290d4ab8dc44d502"}
,"/home/joensjon/TiRaLab/tictactoe/src/components/GameOver.jsx": {"path":"/home/joensjon/TiRaLab/tictactoe/src/components/GameOver.jsx","statementMap":{"0":{"start":{"line":3,"column":24},"end":{"line":20,"column":1}},"1":{"start":{"line":4,"column":16},"end":{"line":4,"column":18}},"2":{"start":{"line":5,"column":2},"end":{"line":17,"column":3}},"3":{"start":{"line":7,"column":4},"end":{"line":7,"column":29}},"4":{"start":{"line":8,"column":4},"end":{"line":8,"column":10}},"5":{"start":{"line":10,"column":4},"end":{"line":10,"column":25}},"6":{"start":{"line":11,"column":4},"end":{"line":11,"column":10}},"7":{"start":{"line":13,"column":4},"end":{"line":13,"column":30}},"8":{"start":{"line":14,"column":4},"end":{"line":14,"column":10}},"9":{"start":{"line":16,"column":4},"end":{"line":16,"column":36}},"10":{"start":{"line":19,"column":2},"end":{"line":19,"column":30}}},"fnMap":{"0":{"name":"(anonymous_0)","decl":{"start":{"line":3,"column":24},"end":{"line":3,"column":25}},"loc":{"start":{"line":3,"column":43},"end":{"line":20,"column":1}},"line":3}},"branchMap":{"0":{"loc":{"start":{"line":5,"column":2},"end":{"line":17,"column":3}},"type":"switch","locations":[{"start":{"line":6,"column":2},"end":{"line":8,"column":10}},{"start":{"line":9,"column":2},"end":{"line":11,"column":10}},{"start":{"line":12,"column":2},"end":{"line":14,"column":10}},{"start":{"line":15,"column":2},"end":{"line":16,"column":36}}],"line":5}},"s":{"0":1,"1":4,"2":4,"3":1,"4":1,"5":1,"6":1,"7":1,"8":1,"9":1,"10":4},"f":{"0":4},"b":{"0":[1,1,1,1]},"_coverageSchema":"1a1c01bbd47fc00a2c39e90264f33305004495a9","hash":"0b8667d59ab4a6013f3a31ab09e4be2fc99a5104"}
,"/home/joensjon/TiRaLab/tictactoe/src/components/GameState.js": {"path":"/home/joensjon/TiRaLab/tictactoe/src/components/GameState.js","statementMap":{"0":{"start":{"line":1,"column":25},"end":{"line":6,"column":1}}},"fnMap":{},"branchMap":{},"s":{"0":4},"f":{},"b":{},"_coverageSchema":"1a1c01bbd47fc00a2c39e90264f33305004495a9","hash":"b85ae862750d6365179ffea66b94b9dc00e1c820"}
,"/home/joensjon/TiRaLab/tictactoe/src/components/Reset.jsx": {"path":"/home/joensjon/TiRaLab/tictactoe/src/components/Reset.jsx","statementMap":{"0":{"start":{"line":3,"column":21},"end":{"line":9,"column":1}},"1":{"start":{"line":4,"column":2},"end":{"line":8,"column":4}}},"fnMap":{"0":{"name":"(anonymous_0)","decl":{"start":{"line":3,"column":21},"end":{"line":3,"column":22}},"loc":{"start":{"line":3,"column":49},"end":{"line":9,"column":1}},"line":3}},"branchMap":{},"s":{"0":1,"1":4},"f":{"0":4},"b":{},"_coverageSchema":"1a1c01bbd47fc00a2c39e90264f33305004495a9","hash":"4a6a8c2ac64d2eeedf8a2cd7a8922fd2090dee40"}
,"/home/joensjon/TiRaLab/tictactoe/src/helpers/HelperFunctions.jsx": {"path":"/home/joensjon/TiRaLab/tictactoe/src/helpers/HelperFunctions.jsx","statementMap":{"0":{"start":{"line":1,"column":33},"end":{"line":29,"column":1}},"1":{"start":{"line":2,"column":16},"end":{"line":2,"column":18}},"2":{"start":{"line":3,"column":20},"end":{"line":3,"column":32}},"3":{"start":{"line":5,"column":2},"end":{"line":26,"column":3}},"4":{"start":{"line":5,"column":15},"end":{"line":5,"column":16}},"5":{"start":{"line":6,"column":4},"end":{"line":25,"column":5}},"6":{"start":{"line":6,"column":17},"end":{"line":6,"column":18}},"7":{"start":{"line":7,"column":6},"end":{"line":7,"column":41}},"8":{"start":{"line":7,"column":32},"end":{"line":7,"column":41}},"9":{"start":{"line":9,"column":26},"end":{"line":9,"column":31}},"10":{"start":{"line":12,"column":6},"end":{"line":24,"column":7}},"11":{"start":{"line":12,"column":20},"end":{"line":12,"column":22}},"12":{"start":{"line":13,"column":8},"end":{"line":23,"column":9}},"13":{"start":{"line":13,"column":22},"end":{"line":13,"column":24}},"14":{"start":{"line":14,"column":10},"end":{"line":14,"column":45}},"15":{"start":{"line":14,"column":36},"end":{"line":14,"column":45}},"16":{"start":{"line":16,"column":23},"end":{"line":16,"column":29}},"17":{"start":{"line":17,"column":23},"end":{"line":17,"column":29}},"18":{"start":{"line":19,"column":10},"end":{"line":22,"column":11}},"19":{"start":{"line":20,"column":12},"end":{"line":20,"column":53}},"20":{"start":{"line":21,"column":12},"end":{"line":21,"column":33}},"21":{"start":{"line":28,"column":2},"end":{"line":28,"column":15}}},"fnMap":{"0":{"name":"(anonymous_0)","decl":{"start":{"line":1,"column":33},"end":{"line":1,"column":34}},"loc":{"start":{"line":1,"column":44},"end":{"line":29,"column":1}},"line":1}},"branchMap":{"0":{"loc":{"start":{"line":7,"column":6},"end":{"line":7,"column":41}},"type":"if","locations":[{"start":{"line":7,"column":6},"end":{"line":7,"column":41}},{"start":{},"end":{}}],"line":7},"1":{"loc":{"start":{"line":12,"column":24},"end":{"line":12,"column":49}},"type":"binary-expr","locations":[{"start":{"line":12,"column":24},"end":{"line":12,"column":31}},{"start":{"line":12,"column":35},"end":{"line":12,"column":49}}],"line":12},"2":{"loc":{"start":{"line":13,"column":26},"end":{"line":13,"column":51}},"type":"binary-expr","locations":[{"start":{"line":13,"column":26},"end":{"line":13,"column":33}},{"start":{"line":13,"column":37},"end":{"line":13,"column":51}}],"line":13},"3":{"loc":{"start":{"line":14,"column":10},"end":{"line":14,"column":45}},"type":"if","locations":[{"start":{"line":14,"column":10},"end":{"line":14,"column":45}},{"start":{},"end":{}}],"line":14},"4":{"loc":{"start":{"line":14,"column":14},"end":{"line":14,"column":34}},"type":"binary-expr","locations":[{"start":{"line":14,"column":14},"end":{"line":14,"column":22}},{"start":{"line":14,"column":26},"end":{"line":14,"column":34}}],"line":14},"5":{"loc":{"start":{"line":19,"column":10},"end":{"line":22,"column":11}},"type":"if","locations":[{"start":{"line":19,"column":10},"end":{"line":22,"column":11}},{"start":{},"end":{}}],"line":19},"6":{"loc":{"start":{"line":19,"column":14},"end":{"line":19,"column":106}},"type":"binary-expr","locations":[{"start":{"line":19,"column":14},"end":{"line":19,"column":23}},{"start":{"line":19,"column":27},"end":{"line":19,"column":43}},{"start":{"line":19,"column":47},"end":{"line":19,"column":56}},{"start":{"line":19,"column":60},"end":{"line":19,"column":76}},{"start":{"line":19,"column":80},"end":{"line":19,"column":106}}],"line":19}},"s":{"0":3,"1":528,"2":528,"3":528,"4":528,"5":10560,"6":10560,"7":211200,"8":3501,"9":207699,"10":207699,"11":207699,"12":612176,"13":612176,"14":1827998,"15":202046,"16":1625952,"17":1625952,"18":1625952,"19":6401,"20":6401,"21":528},"f":{"0":528},"b":{"0":[3501,207699],"1":[819875,618335],"2":[2440174,1832897],"3":[202046,1625952],"4":[1827998,607029],"5":[6401,1619551],"6":[1625952,1601157,1569537,1539751,1509185]},"_coverageSchema":"1a1c01bbd47fc00a2c39e90264f33305004495a9","hash":"876c4c7a945caa1c471598b6ed36a63f6f4a1535"}
,"/home/joensjon/TiRaLab/tictactoe/src/logic/AI.jsx": {"path":"/home/joensjon/TiRaLab/tictactoe/src/logic/AI.jsx","statementMap":{"0":{"start":{"line":6,"column":35},"end":{"line":29,"column":1}},"1":{"start":{"line":8,"column":2},"end":{"line":26,"column":3}},"2":{"start":{"line":10,"column":4},"end":{"line":10,"column":45}},"3":{"start":{"line":13,"column":16},"end":{"line":13,"column":43}},"4":{"start":{"line":16,"column":4},"end":{"line":22,"column":5}},"5":{"start":{"line":18,"column":24},"end":{"line":18,"column":76}},"6":{"start":{"line":20,"column":6},"end":{"line":20,"column":49}},"7":{"start":{"line":21,"column":6},"end":{"line":21,"column":25}},"8":{"start":{"line":25,"column":4},"end":{"line":25,"column":47}},"9":{"start":{"line":28,"column":2},"end":{"line":28,"column":14}},"10":{"start":{"line":32,"column":30},"end":{"line":69,"column":1}},"11":{"start":{"line":34,"column":14},"end":{"line":34,"column":38}},"12":{"start":{"line":37,"column":17},"end":{"line":37,"column":50}},"13":{"start":{"line":38,"column":2},"end":{"line":40,"column":3}},"14":{"start":{"line":39,"column":4},"end":{"line":39,"column":20}},"15":{"start":{"line":43,"column":18},"end":{"line":43,"column":34}},"16":{"start":{"line":44,"column":14},"end":{"line":44,"column":30}},"17":{"start":{"line":45,"column":13},"end":{"line":45,"column":29}},"18":{"start":{"line":48,"column":2},"end":{"line":65,"column":3}},"19":{"start":{"line":50,"column":4},"end":{"line":50,"column":45}},"20":{"start":{"line":53,"column":16},"end":{"line":53,"column":87}},"21":{"start":{"line":56,"column":4},"end":{"line":56,"column":47}},"22":{"start":{"line":59,"column":4},"end":{"line":64,"column":5}},"23":{"start":{"line":60,"column":6},"end":{"line":60,"column":24}},"24":{"start":{"line":61,"column":6},"end":{"line":61,"column":70}},"25":{"start":{"line":63,"column":6},"end":{"line":63,"column":41}},"26":{"start":{"line":68,"column":2},"end":{"line":68,"column":18}},"27":{"start":{"line":72,"column":16},"end":{"line":116,"column":1}},"28":{"start":{"line":74,"column":2},"end":{"line":76,"column":3}},"29":{"start":{"line":75,"column":4},"end":{"line":75,"column":43}},"30":{"start":{"line":79,"column":15},"end":{"line":79,"column":76}},"31":{"start":{"line":80,"column":2},"end":{"line":82,"column":3}},"32":{"start":{"line":81,"column":4},"end":{"line":81,"column":18}},"33":{"start":{"line":85,"column":2},"end":{"line":115,"column":3}},"34":{"start":{"line":86,"column":20},"end":{"line":86,"column":36}},"35":{"start":{"line":87,"column":16},"end":{"line":87,"column":40}},"36":{"start":{"line":88,"column":4},"end":{"line":97,"column":5}},"37":{"start":{"line":89,"column":6},"end":{"line":89,"column":61}},"38":{"start":{"line":90,"column":18},"end":{"line":90,"column":111}},"39":{"start":{"line":91,"column":6},"end":{"line":91,"column":49}},"40":{"start":{"line":92,"column":6},"end":{"line":92,"column":45}},"41":{"start":{"line":93,"column":6},"end":{"line":93,"column":41}},"42":{"start":{"line":94,"column":6},"end":{"line":96,"column":7}},"43":{"start":{"line":95,"column":8},"end":{"line":95,"column":14}},"44":{"start":{"line":98,"column":4},"end":{"line":98,"column":21}},"45":{"start":{"line":102,"column":20},"end":{"line":102,"column":36}},"46":{"start":{"line":103,"column":16},"end":{"line":103,"column":40}},"47":{"start":{"line":104,"column":4},"end":{"line":113,"column":5}},"48":{"start":{"line":105,"column":6},"end":{"line":105,"column":83}},"49":{"start":{"line":106,"column":18},"end":{"line":106,"column":110}},"50":{"start":{"line":107,"column":6},"end":{"line":107,"column":49}},"51":{"start":{"line":108,"column":6},"end":{"line":108,"column":45}},"52":{"start":{"line":109,"column":6},"end":{"line":109,"column":39}},"53":{"start":{"line":110,"column":6},"end":{"line":112,"column":7}},"54":{"start":{"line":111,"column":8},"end":{"line":111,"column":14}},"55":{"start":{"line":114,"column":4},"end":{"line":114,"column":21}},"56":{"start":{"line":119,"column":34},"end":{"line":129,"column":1}},"57":{"start":{"line":121,"column":18},"end":{"line":121,"column":49}},"58":{"start":{"line":122,"column":22},"end":{"line":122,"column":54}},"59":{"start":{"line":125,"column":2},"end":{"line":125,"column":40}},"60":{"start":{"line":125,"column":25},"end":{"line":125,"column":40}},"61":{"start":{"line":128,"column":2},"end":{"line":128,"column":31}}},"fnMap":{"0":{"name":"(anonymous_0)","decl":{"start":{"line":6,"column":35},"end":{"line":6,"column":36}},"loc":{"start":{"line":6,"column":53},"end":{"line":29,"column":1}},"line":6},"1":{"name":"(anonymous_1)","decl":{"start":{"line":32,"column":30},"end":{"line":32,"column":31}},"loc":{"start":{"line":32,"column":41},"end":{"line":69,"column":1}},"line":32},"2":{"name":"(anonymous_2)","decl":{"start":{"line":72,"column":16},"end":{"line":72,"column":17}},"loc":{"start":{"line":72,"column":97},"end":{"line":116,"column":1}},"line":72},"3":{"name":"(anonymous_3)","decl":{"start":{"line":119,"column":34},"end":{"line":119,"column":35}},"loc":{"start":{"line":119,"column":55},"end":{"line":129,"column":1}},"line":119}},"branchMap":{"0":{"loc":{"start":{"line":16,"column":4},"end":{"line":22,"column":5}},"type":"if","locations":[{"start":{"line":16,"column":4},"end":{"line":22,"column":5}},{"start":{},"end":{}}],"line":16},"1":{"loc":{"start":{"line":38,"column":2},"end":{"line":40,"column":3}},"type":"if","locations":[{"start":{"line":38,"column":2},"end":{"line":40,"column":3}},{"start":{},"end":{}}],"line":38},"2":{"loc":{"start":{"line":59,"column":4},"end":{"line":64,"column":5}},"type":"if","locations":[{"start":{"line":59,"column":4},"end":{"line":64,"column":5}},{"start":{},"end":{}}],"line":59},"3":{"loc":{"start":{"line":74,"column":2},"end":{"line":76,"column":3}},"type":"if","locations":[{"start":{"line":74,"column":2},"end":{"line":76,"column":3}},{"start":{},"end":{}}],"line":74},"4":{"loc":{"start":{"line":80,"column":2},"end":{"line":82,"column":3}},"type":"if","locations":[{"start":{"line":80,"column":2},"end":{"line":82,"column":3}},{"start":{},"end":{}}],"line":80},"5":{"loc":{"start":{"line":85,"column":2},"end":{"line":115,"column":3}},"type":"if","locations":[{"start":{"line":85,"column":2},"end":{"line":115,"column":3}},{"start":{"line":101,"column":7},"end":{"line":115,"column":3}}],"line":85},"6":{"loc":{"start":{"line":94,"column":6},"end":{"line":96,"column":7}},"type":"if","locations":[{"start":{"line":94,"column":6},"end":{"line":96,"column":7}},{"start":{},"end":{}}],"line":94},"7":{"loc":{"start":{"line":105,"column":45},"end":{"line":105,"column":81}},"type":"cond-expr","locations":[{"start":{"line":105,"column":72},"end":{"line":105,"column":75}},{"start":{"line":105,"column":78},"end":{"line":105,"column":81}}],"line":105},"8":{"loc":{"start":{"line":110,"column":6},"end":{"line":112,"column":7}},"type":"if","locations":[{"start":{"line":110,"column":6},"end":{"line":112,"column":7}},{"start":{},"end":{}}],"line":110},"9":{"loc":{"start":{"line":125,"column":2},"end":{"line":125,"column":40}},"type":"if","locations":[{"start":{"line":125,"column":2},"end":{"line":125,"column":40}},{"start":{},"end":{}}],"line":125}},"s":{"0":2,"1":9,"2":51,"3":51,"4":51,"5":5,"6":5,"7":5,"8":46,"9":4,"10":2,"11":4,"12":4,"13":4,"14":1,"15":3,"16":3,"17":3,"18":3,"19":20,"20":20,"21":20,"22":20,"23":5,"24":5,"25":5,"26":3,"27":2,"28":2034,"29":1518,"30":516,"31":516,"32":1,"33":515,"34":59,"35":59,"36":59,"37":436,"38":436,"39":436,"40":436,"41":436,"42":436,"43":23,"44":59,"45":456,"46":456,"47":456,"48":1578,"49":1578,"50":1578,"51":1578,"52":1578,"53":1578,"54":375,"55":456,"56":2,"57":1521,"58":1521,"59":1521,"60":1,"61":1520},"f":{"0":9,"1":4,"2":2034,"3":1521},"b":{"0":[5,46],"1":[1,3],"2":[5,15],"3":[1518,516],"4":[1,515],"5":[59,456],"6":[23,413],"7":[0,1578],"8":[375,1203],"9":[1,1520]},"_coverageSchema":"1a1c01bbd47fc00a2c39e90264f33305004495a9","hash":"3302e10a2de10e6ce7792275ab819621f542c426"}
,"/home/joensjon/TiRaLab/tictactoe/src/logic/GameHeuristics.jsx": {"path":"/home/joensjon/TiRaLab/tictactoe/src/logic/GameHeuristics.jsx","statementMap":{"0":{"start":{"line":5,"column":24},"end":{"line":20,"column":1}},"1":{"start":{"line":6,"column":14},"end":{"line":6,"column":15}},"2":{"start":{"line":9,"column":2},"end":{"line":12,"column":3}},"3":{"start":{"line":9,"column":15},"end":{"line":9,"column":27}},"4":{"start":{"line":10,"column":4},"end":{"line":10,"column":12}},"5":{"start":{"line":11,"column":4},"end":{"line":11,"column":32}},"6":{"start":{"line":11,"column":20},"end":{"line":11,"column":32}},"7":{"start":{"line":15,"column":2},"end":{"line":18,"column":3}},"8":{"start":{"line":15,"column":15},"end":{"line":15,"column":27}},"9":{"start":{"line":16,"column":4},"end":{"line":16,"column":12}},"10":{"start":{"line":17,"column":4},"end":{"line":17,"column":32}},"11":{"start":{"line":17,"column":20},"end":{"line":17,"column":32}},"12":{"start":{"line":19,"column":2},"end":{"line":19,"column":15}},"13":{"start":{"line":22,"column":22},"end":{"line":36,"column":1}},"14":{"start":{"line":23,"column":14},"end":{"line":23,"column":15}},"15":{"start":{"line":26,"column":2},"end":{"line":29,"column":3}},"16":{"start":{"line":26,"column":15},"end":{"line":26,"column":27}},"17":{"start":{"line":27,"column":4},"end":{"line":27,"column":12}},"18":{"start":{"line":28,"column":4},"end":{"line":28,"column":32}},"19":{"start":{"line":28,"column":20},"end":{"line":28,"column":32}},"20":{"start":{"line":31,"column":2},"end":{"line":34,"column":3}},"21":{"start":{"line":31,"column":15},"end":{"line":31,"column":27}},"22":{"start":{"line":32,"column":4},"end":{"line":32,"column":12}},"23":{"start":{"line":33,"column":4},"end":{"line":33,"column":32}},"24":{"start":{"line":33,"column":20},"end":{"line":33,"column":32}},"25":{"start":{"line":35,"column":2},"end":{"line":35,"column":15}},"26":{"start":{"line":38,"column":22},"end":{"line":69,"column":1}},"27":{"start":{"line":39,"column":14},"end":{"line":39,"column":15}},"28":{"start":{"line":43,"column":2},"end":{"line":46,"column":3}},"29":{"start":{"line":43,"column":15},"end":{"line":43,"column":27}},"30":{"start":{"line":43,"column":33},"end":{"line":43,"column":45}},"31":{"start":{"line":44,"column":4},"end":{"line":44,"column":12}},"32":{"start":{"line":45,"column":4},"end":{"line":45,"column":32}},"33":{"start":{"line":45,"column":20},"end":{"line":45,"column":32}},"34":{"start":{"line":48,"column":2},"end":{"line":51,"column":3}},"35":{"start":{"line":48,"column":15},"end":{"line":48,"column":27}},"36":{"start":{"line":48,"column":33},"end":{"line":48,"column":45}},"37":{"start":{"line":49,"column":4},"end":{"line":49,"column":12}},"38":{"start":{"line":50,"column":4},"end":{"line":50,"column":32}},"39":{"start":{"line":50,"column":20},"end":{"line":50,"column":32}},"40":{"start":{"line":54,"column":2},"end":{"line":54,"column":12}},"41":{"start":{"line":58,"column":2},"end":{"line":61,"column":3}},"42":{"start":{"line":58,"column":15},"end":{"line":58,"column":27}},"43":{"start":{"line":58,"column":33},"end":{"line":58,"column":45}},"44":{"start":{"line":59,"column":4},"end":{"line":59,"column":12}},"45":{"start":{"line":60,"column":4},"end":{"line":60,"column":32}},"46":{"start":{"line":60,"column":20},"end":{"line":60,"column":32}},"47":{"start":{"line":63,"column":2},"end":{"line":66,"column":3}},"48":{"start":{"line":63,"column":15},"end":{"line":63,"column":27}},"49":{"start":{"line":63,"column":33},"end":{"line":63,"column":45}},"50":{"start":{"line":64,"column":4},"end":{"line":64,"column":12}},"51":{"start":{"line":65,"column":4},"end":{"line":65,"column":32}},"52":{"start":{"line":65,"column":20},"end":{"line":65,"column":32}},"53":{"start":{"line":68,"column":2},"end":{"line":68,"column":15}},"54":{"start":{"line":72,"column":27},"end":{"line":93,"column":1}},"55":{"start":{"line":74,"column":24},"end":{"line":74,"column":49}},"56":{"start":{"line":77,"column":2},"end":{"line":82,"column":3}},"57":{"start":{"line":81,"column":4},"end":{"line":81,"column":78}},"58":{"start":{"line":85,"column":17},"end":{"line":85,"column":69}},"59":{"start":{"line":85,"column":36},"end":{"line":85,"column":68}},"60":{"start":{"line":85,"column":54},"end":{"line":85,"column":67}},"61":{"start":{"line":86,"column":2},"end":{"line":89,"column":3}},"62":{"start":{"line":88,"column":4},"end":{"line":88,"column":26}},"63":{"start":{"line":92,"column":2},"end":{"line":92,"column":30}},"64":{"start":{"line":96,"column":34},"end":{"line":117,"column":1}},"65":{"start":{"line":98,"column":24},"end":{"line":98,"column":49}},"66":{"start":{"line":101,"column":2},"end":{"line":106,"column":3}},"67":{"start":{"line":105,"column":4},"end":{"line":105,"column":85}},"68":{"start":{"line":109,"column":17},"end":{"line":109,"column":69}},"69":{"start":{"line":109,"column":36},"end":{"line":109,"column":68}},"70":{"start":{"line":109,"column":54},"end":{"line":109,"column":67}},"71":{"start":{"line":110,"column":2},"end":{"line":113,"column":3}},"72":{"start":{"line":112,"column":4},"end":{"line":112,"column":29}},"73":{"start":{"line":116,"column":2},"end":{"line":116,"column":14}},"74":{"start":{"line":119,"column":24},"end":{"line":127,"column":1}},"75":{"start":{"line":121,"column":26},"end":{"line":121,"column":67}},"76":{"start":{"line":122,"column":24},"end":{"line":122,"column":63}},"77":{"start":{"line":123,"column":24},"end":{"line":123,"column":63}},"78":{"start":{"line":126,"column":2},"end":{"line":126,"column":57}},"79":{"start":{"line":129,"column":34},"end":{"line":140,"column":1}},"80":{"start":{"line":130,"column":20},"end":{"line":130,"column":29}},"81":{"start":{"line":132,"column":2},"end":{"line":137,"column":3}},"82":{"start":{"line":132,"column":15},"end":{"line":132,"column":16}},"83":{"start":{"line":133,"column":4},"end":{"line":135,"column":5}},"84":{"start":{"line":133,"column":17},"end":{"line":133,"column":18}},"85":{"start":{"line":134,"column":6},"end":{"line":134,"column":67}},"86":{"start":{"line":136,"column":4},"end":{"line":136,"column":64}},"87":{"start":{"line":139,"column":2},"end":{"line":139,"column":24}},"88":{"start":{"line":142,"column":32},"end":{"line":153,"column":1}},"89":{"start":{"line":143,"column":20},"end":{"line":143,"column":29}},"90":{"start":{"line":145,"column":2},"end":{"line":150,"column":3}},"91":{"start":{"line":145,"column":15},"end":{"line":145,"column":16}},"92":{"start":{"line":146,"column":4},"end":{"line":148,"column":5}},"93":{"start":{"line":146,"column":17},"end":{"line":146,"column":18}},"94":{"start":{"line":147,"column":6},"end":{"line":147,"column":67}},"95":{"start":{"line":149,"column":4},"end":{"line":149,"column":64}},"96":{"start":{"line":152,"column":2},"end":{"line":152,"column":24}},"97":{"start":{"line":155,"column":32},"end":{"line":179,"column":1}},"98":{"start":{"line":156,"column":20},"end":{"line":156,"column":29}},"99":{"start":{"line":157,"column":20},"end":{"line":157,"column":32}},"100":{"start":{"line":160,"column":2},"end":{"line":167,"column":3}},"101":{"start":{"line":160,"column":15},"end":{"line":160,"column":16}},"102":{"start":{"line":161,"column":17},"end":{"line":161,"column":47}},"103":{"start":{"line":162,"column":15},"end":{"line":162,"column":41}},"104":{"start":{"line":163,"column":4},"end":{"line":165,"column":5}},"105":{"start":{"line":163,"column":17},"end":{"line":163,"column":23}},"106":{"start":{"line":164,"column":6},"end":{"line":164,"column":71}},"107":{"start":{"line":166,"column":4},"end":{"line":166,"column":64}},"108":{"start":{"line":170,"column":2},"end":{"line":177,"column":3}},"109":{"start":{"line":170,"column":15},"end":{"line":170,"column":28}},"110":{"start":{"line":171,"column":17},"end":{"line":171,"column":31}},"111":{"start":{"line":172,"column":15},"end":{"line":172,"column":57}},"112":{"start":{"line":173,"column":4},"end":{"line":175,"column":5}},"113":{"start":{"line":173,"column":17},"end":{"line":173,"column":23}},"114":{"start":{"line":174,"column":6},"end":{"line":174,"column":71}},"115":{"start":{"line":176,"column":4},"end":{"line":176,"column":64}},"116":{"start":{"line":178,"column":2},"end":{"line":178,"column":24}},"117":{"start":{"line":182,"column":35},"end":{"line":223,"column":1}},"118":{"start":{"line":184,"column":18},"end":{"line":184,"column":23}},"119":{"start":{"line":187,"column":2},"end":{"line":187,"column":43}},"120":{"start":{"line":187,"column":34},"end":{"line":187,"column":43}},"121":{"start":{"line":189,"column":2},"end":{"line":222,"column":3}},"122":{"start":{"line":191,"column":4},"end":{"line":191,"column":28}},"123":{"start":{"line":193,"column":4},"end":{"line":198,"column":5}},"124":{"start":{"line":193,"column":21},"end":{"line":193,"column":42}},"125":{"start":{"line":196,"column":6},"end":{"line":197,"column":22}},"126":{"start":{"line":196,"column":25},"end":{"line":196,"column":46}},"127":{"start":{"line":197,"column":11},"end":{"line":197,"column":22}},"128":{"start":{"line":200,"column":4},"end":{"line":208,"column":5}},"129":{"start":{"line":202,"column":6},"end":{"line":203,"column":22}},"130":{"start":{"line":202,"column":23},"end":{"line":202,"column":36}},"131":{"start":{"line":203,"column":11},"end":{"line":203,"column":22}},"132":{"start":{"line":206,"column":6},"end":{"line":207,"column":20}},"133":{"start":{"line":206,"column":23},"end":{"line":206,"column":33}},"134":{"start":{"line":207,"column":11},"end":{"line":207,"column":20}},"135":{"start":{"line":210,"column":4},"end":{"line":216,"column":5}},"136":{"start":{"line":212,"column":6},"end":{"line":213,"column":20}},"137":{"start":{"line":212,"column":23},"end":{"line":212,"column":32}},"138":{"start":{"line":213,"column":11},"end":{"line":213,"column":20}},"139":{"start":{"line":215,"column":6},"end":{"line":215,"column":15}},"140":{"start":{"line":218,"column":4},"end":{"line":218,"column":13}},"141":{"start":{"line":221,"column":4},"end":{"line":221,"column":25}},"142":{"start":{"line":225,"column":34},"end":{"line":266,"column":1}},"143":{"start":{"line":227,"column":15},"end":{"line":227,"column":40}},"144":{"start":{"line":230,"column":28},"end":{"line":230,"column":46}},"145":{"start":{"line":231,"column":23},"end":{"line":231,"column":41}},"146":{"start":{"line":234,"column":2},"end":{"line":265,"column":3}},"147":{"start":{"line":236,"column":4},"end":{"line":236,"column":19}},"148":{"start":{"line":239,"column":7},"end":{"line":265,"column":3}},"149":{"start":{"line":241,"column":4},"end":{"line":248,"column":5}},"150":{"start":{"line":243,"column":6},"end":{"line":243,"column":21}},"151":{"start":{"line":245,"column":6},"end":{"line":245,"column":89}},"152":{"start":{"line":247,"column":6},"end":{"line":247,"column":23}},"153":{"start":{"line":250,"column":4},"end":{"line":250,"column":21}},"154":{"start":{"line":253,"column":7},"end":{"line":265,"column":3}},"155":{"start":{"line":255,"column":4},"end":{"line":255,"column":87}},"156":{"start":{"line":257,"column":4},"end":{"line":257,"column":21}},"157":{"start":{"line":259,"column":4},"end":{"line":259,"column":21}},"158":{"start":{"line":264,"column":4},"end":{"line":264,"column":21}},"159":{"start":{"line":268,"column":46},"end":{"line":276,"column":1}},"160":{"start":{"line":270,"column":2},"end":{"line":272,"column":3}},"161":{"start":{"line":271,"column":4},"end":{"line":271,"column":87}},"162":{"start":{"line":274,"column":2},"end":{"line":274,"column":19}},"163":{"start":{"line":275,"column":2},"end":{"line":275,"column":19}}},"fnMap":{"0":{"name":"(anonymous_0)","decl":{"start":{"line":5,"column":24},"end":{"line":5,"column":25}},"loc":{"start":{"line":5,"column":70},"end":{"line":20,"column":1}},"line":5},"1":{"name":"(anonymous_1)","decl":{"start":{"line":22,"column":22},"end":{"line":22,"column":23}},"loc":{"start":{"line":22,"column":68},"end":{"line":36,"column":1}},"line":22},"2":{"name":"(anonymous_2)","decl":{"start":{"line":38,"column":22},"end":{"line":38,"column":23}},"loc":{"start":{"line":38,"column":68},"end":{"line":69,"column":1}},"line":38},"3":{"name":"(anonymous_3)","decl":{"start":{"line":72,"column":27},"end":{"line":72,"column":28}},"loc":{"start":{"line":72,"column":58},"end":{"line":93,"column":1}},"line":72},"4":{"name":"(anonymous_4)","decl":{"start":{"line":85,"column":29},"end":{"line":85,"column":30}},"loc":{"start":{"line":85,"column":36},"end":{"line":85,"column":68}},"line":85},"5":{"name":"(anonymous_5)","decl":{"start":{"line":85,"column":46},"end":{"line":85,"column":47}},"loc":{"start":{"line":85,"column":54},"end":{"line":85,"column":67}},"line":85},"6":{"name":"(anonymous_6)","decl":{"start":{"line":96,"column":34},"end":{"line":96,"column":35}},"loc":{"start":{"line":96,"column":83},"end":{"line":117,"column":1}},"line":96},"7":{"name":"(anonymous_7)","decl":{"start":{"line":109,"column":29},"end":{"line":109,"column":30}},"loc":{"start":{"line":109,"column":36},"end":{"line":109,"column":68}},"line":109},"8":{"name":"(anonymous_8)","decl":{"start":{"line":109,"column":46},"end":{"line":109,"column":47}},"loc":{"start":{"line":109,"column":54},"end":{"line":109,"column":67}},"line":109},"9":{"name":"(anonymous_9)","decl":{"start":{"line":119,"column":24},"end":{"line":119,"column":25}},"loc":{"start":{"line":119,"column":51},"end":{"line":127,"column":1}},"line":119},"10":{"name":"(anonymous_10)","decl":{"start":{"line":129,"column":34},"end":{"line":129,"column":35}},"loc":{"start":{"line":129,"column":61},"end":{"line":140,"column":1}},"line":129},"11":{"name":"(anonymous_11)","decl":{"start":{"line":142,"column":32},"end":{"line":142,"column":33}},"loc":{"start":{"line":142,"column":59},"end":{"line":153,"column":1}},"line":142},"12":{"name":"(anonymous_12)","decl":{"start":{"line":155,"column":32},"end":{"line":155,"column":33}},"loc":{"start":{"line":155,"column":59},"end":{"line":179,"column":1}},"line":155},"13":{"name":"(anonymous_13)","decl":{"start":{"line":182,"column":35},"end":{"line":182,"column":36}},"loc":{"start":{"line":182,"column":68},"end":{"line":223,"column":1}},"line":182},"14":{"name":"(anonymous_14)","decl":{"start":{"line":225,"column":34},"end":{"line":225,"column":35}},"loc":{"start":{"line":225,"column":92},"end":{"line":266,"column":1}},"line":225},"15":{"name":"(anonymous_15)","decl":{"start":{"line":268,"column":46},"end":{"line":268,"column":47}},"loc":{"start":{"line":268,"column":77},"end":{"line":276,"column":1}},"line":268}},"branchMap":{"0":{"loc":{"start":{"line":9,"column":29},"end":{"line":9,"column":75}},"type":"binary-expr","locations":[{"start":{"line":9,"column":29},"end":{"line":9,"column":35}},{"start":{"line":9,"column":39},"end":{"line":9,"column":75}}],"line":9},"1":{"loc":{"start":{"line":11,"column":4},"end":{"line":11,"column":32}},"type":"if","locations":[{"start":{"line":11,"column":4},"end":{"line":11,"column":32}},{"start":{},"end":{}}],"line":11},"2":{"loc":{"start":{"line":15,"column":29},"end":{"line":15,"column":95}},"type":"binary-expr","locations":[{"start":{"line":15,"column":29},"end":{"line":15,"column":55}},{"start":{"line":15,"column":59},"end":{"line":15,"column":95}}],"line":15},"3":{"loc":{"start":{"line":17,"column":4},"end":{"line":17,"column":32}},"type":"if","locations":[{"start":{"line":17,"column":4},"end":{"line":17,"column":32}},{"start":{},"end":{}}],"line":17},"4":{"loc":{"start":{"line":26,"column":29},"end":{"line":26,"column":75}},"type":"binary-expr","locations":[{"start":{"line":26,"column":29},"end":{"line":26,"column":35}},{"start":{"line":26,"column":39},"end":{"line":26,"column":75}}],"line":26},"5":{"loc":{"start":{"line":28,"column":4},"end":{"line":28,"column":32}},"type":"if","locations":[{"start":{"line":28,"column":4},"end":{"line":28,"column":32}},{"start":{},"end":{}}],"line":28},"6":{"loc":{"start":{"line":31,"column":29},"end":{"line":31,"column":95}},"type":"binary-expr","locations":[{"start":{"line":31,"column":29},"end":{"line":31,"column":55}},{"start":{"line":31,"column":59},"end":{"line":31,"column":95}}],"line":31},"7":{"loc":{"start":{"line":33,"column":4},"end":{"line":33,"column":32}},"type":"if","locations":[{"start":{"line":33,"column":4},"end":{"line":33,"column":32}},{"start":{},"end":{}}],"line":33},"8":{"loc":{"start":{"line":43,"column":47},"end":{"line":43,"column":96}},"type":"binary-expr","locations":[{"start":{"line":43,"column":47},"end":{"line":43,"column":53}},{"start":{"line":43,"column":57},"end":{"line":43,"column":63}},{"start":{"line":43,"column":67},"end":{"line":43,"column":96}}],"line":43},"9":{"loc":{"start":{"line":45,"column":4},"end":{"line":45,"column":32}},"type":"if","locations":[{"start":{"line":45,"column":4},"end":{"line":45,"column":32}},{"start":{},"end":{}}],"line":45},"10":{"loc":{"start":{"line":48,"column":47},"end":{"line":48,"column":119}},"type":"binary-expr","locations":[{"start":{"line":48,"column":47},"end":{"line":48,"column":63}},{"start":{"line":48,"column":67},"end":{"line":48,"column":86}},{"start":{"line":48,"column":90},"end":{"line":48,"column":119}}],"line":48},"11":{"loc":{"start":{"line":50,"column":4},"end":{"line":50,"column":32}},"type":"if","locations":[{"start":{"line":50,"column":4},"end":{"line":50,"column":32}},{"start":{},"end":{}}],"line":50},"12":{"loc":{"start":{"line":58,"column":47},"end":{"line":58,"column":109}},"type":"binary-expr","locations":[{"start":{"line":58,"column":47},"end":{"line":58,"column":53}},{"start":{"line":58,"column":57},"end":{"line":58,"column":76}},{"start":{"line":58,"column":80},"end":{"line":58,"column":109}}],"line":58},"13":{"loc":{"start":{"line":60,"column":4},"end":{"line":60,"column":32}},"type":"if","locations":[{"start":{"line":60,"column":4},"end":{"line":60,"column":32}},{"start":{},"end":{}}],"line":60},"14":{"loc":{"start":{"line":63,"column":47},"end":{"line":63,"column":106}},"type":"binary-expr","locations":[{"start":{"line":63,"column":47},"end":{"line":63,"column":63}},{"start":{"line":63,"column":67},"end":{"line":63,"column":73}},{"start":{"line":63,"column":77},"end":{"line":63,"column":106}}],"line":63},"15":{"loc":{"start":{"line":65,"column":4},"end":{"line":65,"column":32}},"type":"if","locations":[{"start":{"line":65,"column":4},"end":{"line":65,"column":32}},{"start":{},"end":{}}],"line":65},"16":{"loc":{"start":{"line":77,"column":2},"end":{"line":82,"column":3}},"type":"if","locations":[{"start":{"line":77,"column":2},"end":{"line":82,"column":3}},{"start":{},"end":{}}],"line":77},"17":{"loc":{"start":{"line":77,"column":6},"end":{"line":79,"column":59}},"type":"binary-expr","locations":[{"start":{"line":77,"column":6},"end":{"line":77,"column":63}},{"start":{"line":78,"column":4},"end":{"line":78,"column":59}},{"start":{"line":79,"column":4},"end":{"line":79,"column":59}}],"line":77},"18":{"loc":{"start":{"line":81,"column":11},"end":{"line":81,"column":77}},"type":"cond-expr","locations":[{"start":{"line":81,"column":38},"end":{"line":81,"column":58}},{"start":{"line":81,"column":61},"end":{"line":81,"column":77}}],"line":81},"19":{"loc":{"start":{"line":86,"column":2},"end":{"line":89,"column":3}},"type":"if","locations":[{"start":{"line":86,"column":2},"end":{"line":89,"column":3}},{"start":{},"end":{}}],"line":86},"20":{"loc":{"start":{"line":101,"column":2},"end":{"line":106,"column":3}},"type":"if","locations":[{"start":{"line":101,"column":2},"end":{"line":106,"column":3}},{"start":{},"end":{}}],"line":101},"21":{"loc":{"start":{"line":101,"column":6},"end":{"line":103,"column":61}},"type":"binary-expr","locations":[{"start":{"line":101,"column":6},"end":{"line":101,"column":63}},{"start":{"line":102,"column":6},"end":{"line":102,"column":61}},{"start":{"line":103,"column":6},"end":{"line":103,"column":61}}],"line":101},"22":{"loc":{"start":{"line":105,"column":11},"end":{"line":105,"column":84}},"type":"cond-expr","locations":[{"start":{"line":105,"column":48},"end":{"line":105,"column":64}},{"start":{"line":105,"column":67},"end":{"line":105,"column":84}}],"line":105},"23":{"loc":{"start":{"line":110,"column":2},"end":{"line":113,"column":3}},"type":"if","locations":[{"start":{"line":110,"column":2},"end":{"line":113,"column":3}},{"start":{},"end":{}}],"line":110},"24":{"loc":{"start":{"line":187,"column":2},"end":{"line":187,"column":43}},"type":"if","locations":[{"start":{"line":187,"column":2},"end":{"line":187,"column":43}},{"start":{},"end":{}}],"line":187},"25":{"loc":{"start":{"line":187,"column":6},"end":{"line":187,"column":32}},"type":"binary-expr","locations":[{"start":{"line":187,"column":6},"end":{"line":187,"column":19}},{"start":{"line":187,"column":23},"end":{"line":187,"column":32}}],"line":187},"26":{"loc":{"start":{"line":189,"column":2},"end":{"line":222,"column":3}},"type":"switch","locations":[{"start":{"line":190,"column":2},"end":{"line":191,"column":28}},{"start":{"line":192,"column":2},"end":{"line":198,"column":5}},{"start":{"line":199,"column":2},"end":{"line":208,"column":5}},{"start":{"line":209,"column":2},"end":{"line":216,"column":5}},{"start":{"line":217,"column":2},"end":{"line":218,"column":13}},{"start":{"line":219,"column":2},"end":{"line":221,"column":25}}],"line":189},"27":{"loc":{"start":{"line":193,"column":4},"end":{"line":198,"column":5}},"type":"if","locations":[{"start":{"line":193,"column":4},"end":{"line":198,"column":5}},{"start":{"line":194,"column":9},"end":{"line":198,"column":5}}],"line":193},"28":{"loc":{"start":{"line":196,"column":6},"end":{"line":197,"column":22}},"type":"if","locations":[{"start":{"line":196,"column":6},"end":{"line":197,"column":22}},{"start":{"line":197,"column":11},"end":{"line":197,"column":22}}],"line":196},"29":{"loc":{"start":{"line":200,"column":4},"end":{"line":208,"column":5}},"type":"if","locations":[{"start":{"line":200,"column":4},"end":{"line":208,"column":5}},{"start":{"line":204,"column":11},"end":{"line":208,"column":5}}],"line":200},"30":{"loc":{"start":{"line":202,"column":6},"end":{"line":203,"column":22}},"type":"if","locations":[{"start":{"line":202,"column":6},"end":{"line":203,"column":22}},{"start":{"line":203,"column":11},"end":{"line":203,"column":22}}],"line":202},"31":{"loc":{"start":{"line":206,"column":6},"end":{"line":207,"column":20}},"type":"if","locations":[{"start":{"line":206,"column":6},"end":{"line":207,"column":20}},{"start":{"line":207,"column":11},"end":{"line":207,"column":20}}],"line":206},"32":{"loc":{"start":{"line":210,"column":4},"end":{"line":216,"column":5}},"type":"if","locations":[{"start":{"line":210,"column":4},"end":{"line":216,"column":5}},{"start":{"line":214,"column":11},"end":{"line":216,"column":5}}],"line":210},"33":{"loc":{"start":{"line":212,"column":6},"end":{"line":213,"column":20}},"type":"if","locations":[{"start":{"line":212,"column":6},"end":{"line":213,"column":20}},{"start":{"line":213,"column":11},"end":{"line":213,"column":20}}],"line":212},"34":{"loc":{"start":{"line":230,"column":28},"end":{"line":230,"column":46}},"type":"cond-expr","locations":[{"start":{"line":230,"column":35},"end":{"line":230,"column":37}},{"start":{"line":230,"column":40},"end":{"line":230,"column":46}}],"line":230},"35":{"loc":{"start":{"line":231,"column":23},"end":{"line":231,"column":41}},"type":"cond-expr","locations":[{"start":{"line":231,"column":30},"end":{"line":231,"column":36}},{"start":{"line":231,"column":39},"end":{"line":231,"column":41}}],"line":231},"36":{"loc":{"start":{"line":234,"column":2},"end":{"line":265,"column":3}},"type":"if","locations":[{"start":{"line":234,"column":2},"end":{"line":265,"column":3}},{"start":{"line":239,"column":7},"end":{"line":265,"column":3}}],"line":234},"37":{"loc":{"start":{"line":239,"column":7},"end":{"line":265,"column":3}},"type":"if","locations":[{"start":{"line":239,"column":7},"end":{"line":265,"column":3}},{"start":{"line":253,"column":7},"end":{"line":265,"column":3}}],"line":239},"38":{"loc":{"start":{"line":241,"column":4},"end":{"line":248,"column":5}},"type":"if","locations":[{"start":{"line":241,"column":4},"end":{"line":248,"column":5}},{"start":{},"end":{}}],"line":241},"39":{"loc":{"start":{"line":253,"column":7},"end":{"line":265,"column":3}},"type":"if","locations":[{"start":{"line":253,"column":7},"end":{"line":265,"column":3}},{"start":{"line":262,"column":7},"end":{"line":265,"column":3}}],"line":253},"40":{"loc":{"start":{"line":253,"column":11},"end":{"line":253,"column":52}},"type":"binary-expr","locations":[{"start":{"line":253,"column":11},"end":{"line":253,"column":32}},{"start":{"line":253,"column":36},"end":{"line":253,"column":52}}],"line":253},"41":{"loc":{"start":{"line":270,"column":2},"end":{"line":272,"column":3}},"type":"if","locations":[{"start":{"line":270,"column":2},"end":{"line":272,"column":3}},{"start":{},"end":{}}],"line":270}},"s":{"0":3,"1":523,"2":523,"3":523,"4":42,"5":42,"6":0,"7":523,"8":523,"9":69,"10":69,"11":2,"12":521,"13":3,"14":521,"15":521,"16":521,"17":53,"18":53,"19":0,"20":521,"21":521,"22":12,"23":12,"24":1,"25":520,"26":3,"27":520,"28":520,"29":520,"30":520,"31":46,"32":46,"33":0,"34":520,"35":520,"36":520,"37":1,"38":1,"39":0,"40":520,"41":520,"42":520,"43":520,"44":48,"45":48,"46":0,"47":520,"48":520,"49":520,"50":14,"51":14,"52":0,"53":520,"54":3,"55":7,"56":7,"57":2,"58":5,"59":24,"60":406,"61":5,"62":1,"63":4,"64":3,"65":516,"66":516,"67":1,"68":515,"69":515,"70":684,"71":515,"72":0,"73":515,"74":3,"75":3097,"76":3097,"77":3097,"78":3097,"79":3,"80":3100,"81":3100,"82":3100,"83":62000,"84":62000,"85":1240000,"86":62000,"87":3100,"88":3,"89":3099,"90":3099,"91":3099,"92":61980,"93":61980,"94":1239600,"95":61980,"96":3099,"97":3,"98":3097,"99":3097,"100":3097,"101":3097,"102":120783,"103":120783,"104":120783,"105":120783,"106":1238800,"107":120783,"108":3097,"109":3097,"110":120783,"111":120783,"112":120783,"113":120783,"114":1238800,"115":120783,"116":3097,"117":3,"118":36787,"119":36787,"120":5434,"121":31353,"122":63,"123":196,"124":28,"125":168,"126":89,"127":79,"128":396,"129":57,"130":20,"131":37,"132":339,"133":4,"134":335,"135":3785,"136":436,"137":92,"138":344,"139":3349,"140":26904,"141":9,"142":3,"143":4957217,"144":4957217,"145":4957217,"146":4957217,"147":43189,"148":4914028,"149":4870820,"150":29718,"151":29718,"152":29718,"153":4870820,"154":43208,"155":6310,"156":6310,"157":6310,"158":36898,"159":3,"160":365546,"161":748,"162":365546,"163":365546},"f":{"0":523,"1":521,"2":520,"3":7,"4":24,"5":406,"6":516,"7":515,"8":684,"9":3097,"10":3100,"11":3099,"12":3097,"13":36787,"14":4957217,"15":365546},"b":{"0":[565,535],"1":[0,42],"2":[590,589],"3":[2,67],"4":[574,380],"5":[0,53],"6":[532,531],"7":[1,11],"8":[566,376,350],"9":[0,46],"10":[521,520,520],"11":[0,1],"12":[568,375,374],"13":[0,48],"14":[534,533,505],"15":[0,14],"16":[2,5],"17":[7,6,5],"18":[1,1],"19":[1,4],"20":[1,515],"21":[516,515,515],"22":[0,1],"23":[0,515],"24":[5434,31353],"25":[36787,5436],"26":[63,196,396,3785,26904,9],"27":[28,168],"28":[89,79],"29":[57,339],"30":[20,37],"31":[4,335],"32":[436,3349],"33":[92,344],"34":[2523217,2434000],"35":[2523217,2434000],"36":[43189,4914028],"37":[4870820,43208],"38":[29718,4841102],"39":[6310,36898],"40":[43208,43208],"41":[748,364798]},"_coverageSchema":"1a1c01bbd47fc00a2c39e90264f33305004495a9","hash":"ddd7ac76a2ccf14543b4375aad236256dabd0724"}
}
