{"/home/joensjon/TiRaLab/tictactoe/src/Config.js": {"path":"/home/joensjon/TiRaLab/tictactoe/src/Config.js","statementMap":{"0":{"start":{"line":1,"column":22},"end":{"line":1,"column":25}},"1":{"start":{"line":2,"column":18},"end":{"line":2,"column":21}},"2":{"start":{"line":4,"column":22},"end":{"line":8,"column":1}}},"fnMap":{},"branchMap":{},"s":{"0":4,"1":4,"2":4},"f":{},"b":{},"_coverageSchema":"1a1c01bbd47fc00a2c39e90264f33305004495a9","hash":"e161524972ec1db8573f5fa12a42e355bdd62c8b"}
,"/home/joensjon/TiRaLab/tictactoe/src/components/GameBoard.jsx": {"path":"/home/joensjon/TiRaLab/tictactoe/src/components/GameBoard.jsx","statementMap":{"0":{"start":{"line":9,"column":18},"end":{"line":75,"column":1}},"1":{"start":{"line":10,"column":28},"end":{"line":10,"column":90}},"2":{"start":{"line":10,"column":68},"end":{"line":10,"column":88}},"3":{"start":{"line":11,"column":44},"end":{"line":11,"column":60}},"4":{"start":{"line":12,"column":34},"end":{"line":12,"column":76}},"5":{"start":{"line":14,"column":2},"end":{"line":30,"column":40}},"6":{"start":{"line":15,"column":4},"end":{"line":28,"column":5}},"7":{"start":{"line":16,"column":21},"end":{"line":16,"column":86}},"8":{"start":{"line":17,"column":6},"end":{"line":27,"column":7}},"9":{"start":{"line":18,"column":25},"end":{"line":20,"column":9}},"10":{"start":{"line":19,"column":10},"end":{"line":19,"column":101}},"11":{"start":{"line":19,"column":35},"end":{"line":19,"column":99}},"12":{"start":{"line":22,"column":8},"end":{"line":22,"column":27}},"13":{"start":{"line":23,"column":29},"end":{"line":23,"column":84}},"14":{"start":{"line":24,"column":8},"end":{"line":24,"column":35}},"15":{"start":{"line":26,"column":8},"end":{"line":26,"column":33}},"16":{"start":{"line":32,"column":26},"end":{"line":46,"column":3}},"17":{"start":{"line":33,"column":4},"end":{"line":35,"column":5}},"18":{"start":{"line":34,"column":6},"end":{"line":34,"column":13}},"19":{"start":{"line":37,"column":21},"end":{"line":37,"column":47}},"20":{"start":{"line":37,"column":38},"end":{"line":37,"column":46}},"21":{"start":{"line":38,"column":4},"end":{"line":38,"column":49}},"22":{"start":{"line":39,"column":4},"end":{"line":39,"column":23}},"23":{"start":{"line":41,"column":25},"end":{"line":41,"column":81}},"24":{"start":{"line":42,"column":4},"end":{"line":42,"column":31}},"25":{"start":{"line":44,"column":4},"end":{"line":44,"column":79}},"26":{"start":{"line":45,"column":4},"end":{"line":45,"column":58}},"27":{"start":{"line":48,"column":22},"end":{"line":52,"column":3}},"28":{"start":{"line":49,"column":4},"end":{"line":49,"column":39}},"29":{"start":{"line":50,"column":4},"end":{"line":50,"column":67}},"30":{"start":{"line":50,"column":44},"end":{"line":50,"column":64}},"31":{"start":{"line":51,"column":4},"end":{"line":51,"column":29}},"32":{"start":{"line":54,"column":2},"end":{"line":74,"column":4}},"33":{"start":{"line":59,"column":10},"end":{"line":69,"column":16}},"34":{"start":{"line":61,"column":14},"end":{"line":67,"column":23}},"35":{"start":{"line":65,"column":31},"end":{"line":65,"column":66}}},"fnMap":{"0":{"name":"(anonymous_0)","decl":{"start":{"line":9,"column":18},"end":{"line":9,"column":19}},"loc":{"start":{"line":9,"column":52},"end":{"line":75,"column":1}},"line":9},"1":{"name":"(anonymous_1)","decl":{"start":{"line":10,"column":62},"end":{"line":10,"column":63}},"loc":{"start":{"line":10,"column":68},"end":{"line":10,"column":88}},"line":10},"2":{"name":"(anonymous_2)","decl":{"start":{"line":14,"column":12},"end":{"line":14,"column":13}},"loc":{"start":{"line":14,"column":18},"end":{"line":30,"column":3}},"line":14},"3":{"name":"(anonymous_3)","decl":{"start":{"line":18,"column":35},"end":{"line":18,"column":36}},"loc":{"start":{"line":19,"column":10},"end":{"line":19,"column":101}},"line":19},"4":{"name":"(anonymous_4)","decl":{"start":{"line":19,"column":18},"end":{"line":19,"column":19}},"loc":{"start":{"line":19,"column":35},"end":{"line":19,"column":99}},"line":19},"5":{"name":"(anonymous_5)","decl":{"start":{"line":32,"column":26},"end":{"line":32,"column":27}},"loc":{"start":{"line":32,"column":50},"end":{"line":46,"column":3}},"line":32},"6":{"name":"(anonymous_6)","decl":{"start":{"line":37,"column":31},"end":{"line":37,"column":32}},"loc":{"start":{"line":37,"column":38},"end":{"line":37,"column":46}},"line":37},"7":{"name":"(anonymous_7)","decl":{"start":{"line":48,"column":22},"end":{"line":48,"column":23}},"loc":{"start":{"line":48,"column":28},"end":{"line":52,"column":3}},"line":48},"8":{"name":"(anonymous_8)","decl":{"start":{"line":50,"column":38},"end":{"line":50,"column":39}},"loc":{"start":{"line":50,"column":44},"end":{"line":50,"column":64}},"line":50},"9":{"name":"(anonymous_9)","decl":{"start":{"line":58,"column":19},"end":{"line":58,"column":20}},"loc":{"start":{"line":59,"column":10},"end":{"line":69,"column":16}},"line":59},"10":{"name":"(anonymous_10)","decl":{"start":{"line":60,"column":21},"end":{"line":60,"column":22}},"loc":{"start":{"line":61,"column":14},"end":{"line":67,"column":23}},"line":61},"11":{"name":"(anonymous_11)","decl":{"start":{"line":65,"column":25},"end":{"line":65,"column":26}},"loc":{"start":{"line":65,"column":31},"end":{"line":65,"column":66}},"line":65}},"branchMap":{"0":{"loc":{"start":{"line":15,"column":4},"end":{"line":28,"column":5}},"type":"if","locations":[{"start":{"line":15,"column":4},"end":{"line":28,"column":5}},{"start":{},"end":{}}],"line":15},"1":{"loc":{"start":{"line":15,"column":8},"end":{"line":15,"column":66}},"type":"binary-expr","locations":[{"start":{"line":15,"column":8},"end":{"line":15,"column":28}},{"start":{"line":15,"column":32},"end":{"line":15,"column":66}}],"line":15},"2":{"loc":{"start":{"line":17,"column":6},"end":{"line":27,"column":7}},"type":"if","locations":[{"start":{"line":17,"column":6},"end":{"line":27,"column":7}},{"start":{},"end":{}}],"line":17},"3":{"loc":{"start":{"line":19,"column":35},"end":{"line":19,"column":99}},"type":"cond-expr","locations":[{"start":{"line":19,"column":90},"end":{"line":19,"column":92}},{"start":{"line":19,"column":95},"end":{"line":19,"column":99}}],"line":19},"4":{"loc":{"start":{"line":19,"column":35},"end":{"line":19,"column":87}},"type":"binary-expr","locations":[{"start":{"line":19,"column":35},"end":{"line":19,"column":59}},{"start":{"line":19,"column":63},"end":{"line":19,"column":87}}],"line":19},"5":{"loc":{"start":{"line":33,"column":4},"end":{"line":35,"column":5}},"type":"if","locations":[{"start":{"line":33,"column":4},"end":{"line":35,"column":5}},{"start":{},"end":{}}],"line":33},"6":{"loc":{"start":{"line":33,"column":8},"end":{"line":33,"column":108}},"type":"binary-expr","locations":[{"start":{"line":33,"column":8},"end":{"line":33,"column":42}},{"start":{"line":33,"column":46},"end":{"line":33,"column":70}},{"start":{"line":33,"column":74},"end":{"line":33,"column":108}}],"line":33},"7":{"loc":{"start":{"line":44,"column":4},"end":{"line":44,"column":78}},"type":"cond-expr","locations":[{"start":{"line":44,"column":31},"end":{"line":44,"column":51}},{"start":{"line":44,"column":54},"end":{"line":44,"column":78}}],"line":44}},"s":{"0":1,"1":1,"2":20,"3":1,"4":1,"5":1,"6":1,"7":0,"8":0,"9":0,"10":0,"11":0,"12":0,"13":0,"14":0,"15":0,"16":1,"17":0,"18":0,"19":0,"20":0,"21":0,"22":0,"23":0,"24":0,"25":0,"26":0,"27":1,"28":0,"29":0,"30":0,"31":0,"32":1,"33":20,"34":400,"35":0},"f":{"0":1,"1":20,"2":1,"3":0,"4":0,"5":0,"6":0,"7":0,"8":0,"9":20,"10":400,"11":0},"b":{"0":[0,1],"1":[1,0],"2":[0,0],"3":[0,0],"4":[0,0],"5":[0,0],"6":[0,0,0],"7":[0,0]},"_coverageSchema":"1a1c01bbd47fc00a2c39e90264f33305004495a9","hash":"b33b2a5c29bf96d6ee05da5ed4c111e9acc928ca"}
,"/home/joensjon/TiRaLab/tictactoe/src/components/GameOver.jsx": {"path":"/home/joensjon/TiRaLab/tictactoe/src/components/GameOver.jsx","statementMap":{"0":{"start":{"line":3,"column":24},"end":{"line":20,"column":1}},"1":{"start":{"line":4,"column":16},"end":{"line":4,"column":18}},"2":{"start":{"line":5,"column":2},"end":{"line":17,"column":3}},"3":{"start":{"line":7,"column":4},"end":{"line":7,"column":29}},"4":{"start":{"line":8,"column":4},"end":{"line":8,"column":10}},"5":{"start":{"line":10,"column":4},"end":{"line":10,"column":25}},"6":{"start":{"line":11,"column":4},"end":{"line":11,"column":10}},"7":{"start":{"line":13,"column":4},"end":{"line":13,"column":30}},"8":{"start":{"line":14,"column":4},"end":{"line":14,"column":10}},"9":{"start":{"line":16,"column":4},"end":{"line":16,"column":36}},"10":{"start":{"line":19,"column":2},"end":{"line":19,"column":30}}},"fnMap":{"0":{"name":"(anonymous_0)","decl":{"start":{"line":3,"column":24},"end":{"line":3,"column":25}},"loc":{"start":{"line":3,"column":43},"end":{"line":20,"column":1}},"line":3}},"branchMap":{"0":{"loc":{"start":{"line":5,"column":2},"end":{"line":17,"column":3}},"type":"switch","locations":[{"start":{"line":6,"column":2},"end":{"line":8,"column":10}},{"start":{"line":9,"column":2},"end":{"line":11,"column":10}},{"start":{"line":12,"column":2},"end":{"line":14,"column":10}},{"start":{"line":15,"column":2},"end":{"line":16,"column":36}}],"line":5}},"s":{"0":1,"1":4,"2":4,"3":1,"4":1,"5":1,"6":1,"7":1,"8":1,"9":1,"10":4},"f":{"0":4},"b":{"0":[1,1,1,1]},"_coverageSchema":"1a1c01bbd47fc00a2c39e90264f33305004495a9","hash":"0b8667d59ab4a6013f3a31ab09e4be2fc99a5104"}
,"/home/joensjon/TiRaLab/tictactoe/src/components/GameState.js": {"path":"/home/joensjon/TiRaLab/tictactoe/src/components/GameState.js","statementMap":{"0":{"start":{"line":1,"column":25},"end":{"line":6,"column":1}}},"fnMap":{},"branchMap":{},"s":{"0":4},"f":{},"b":{},"_coverageSchema":"1a1c01bbd47fc00a2c39e90264f33305004495a9","hash":"b85ae862750d6365179ffea66b94b9dc00e1c820"}
,"/home/joensjon/TiRaLab/tictactoe/src/components/Reset.jsx": {"path":"/home/joensjon/TiRaLab/tictactoe/src/components/Reset.jsx","statementMap":{"0":{"start":{"line":3,"column":21},"end":{"line":9,"column":1}},"1":{"start":{"line":4,"column":2},"end":{"line":8,"column":4}}},"fnMap":{"0":{"name":"(anonymous_0)","decl":{"start":{"line":3,"column":21},"end":{"line":3,"column":22}},"loc":{"start":{"line":3,"column":49},"end":{"line":9,"column":1}},"line":3}},"branchMap":{},"s":{"0":1,"1":1},"f":{"0":1},"b":{},"_coverageSchema":"1a1c01bbd47fc00a2c39e90264f33305004495a9","hash":"4a6a8c2ac64d2eeedf8a2cd7a8922fd2090dee40"}
,"/home/joensjon/TiRaLab/tictactoe/src/helpers/HelperFunctions.jsx": {"path":"/home/joensjon/TiRaLab/tictactoe/src/helpers/HelperFunctions.jsx","statementMap":{"0":{"start":{"line":1,"column":33},"end":{"line":29,"column":1}},"1":{"start":{"line":2,"column":16},"end":{"line":2,"column":18}},"2":{"start":{"line":3,"column":20},"end":{"line":3,"column":32}},"3":{"start":{"line":5,"column":2},"end":{"line":26,"column":3}},"4":{"start":{"line":5,"column":15},"end":{"line":5,"column":16}},"5":{"start":{"line":6,"column":4},"end":{"line":25,"column":5}},"6":{"start":{"line":6,"column":17},"end":{"line":6,"column":18}},"7":{"start":{"line":7,"column":6},"end":{"line":7,"column":41}},"8":{"start":{"line":7,"column":32},"end":{"line":7,"column":41}},"9":{"start":{"line":9,"column":26},"end":{"line":9,"column":31}},"10":{"start":{"line":12,"column":6},"end":{"line":24,"column":7}},"11":{"start":{"line":12,"column":20},"end":{"line":12,"column":22}},"12":{"start":{"line":13,"column":8},"end":{"line":23,"column":9}},"13":{"start":{"line":13,"column":22},"end":{"line":13,"column":24}},"14":{"start":{"line":14,"column":10},"end":{"line":14,"column":45}},"15":{"start":{"line":14,"column":36},"end":{"line":14,"column":45}},"16":{"start":{"line":16,"column":23},"end":{"line":16,"column":29}},"17":{"start":{"line":17,"column":23},"end":{"line":17,"column":29}},"18":{"start":{"line":19,"column":10},"end":{"line":22,"column":11}},"19":{"start":{"line":20,"column":12},"end":{"line":20,"column":53}},"20":{"start":{"line":21,"column":12},"end":{"line":21,"column":33}},"21":{"start":{"line":28,"column":2},"end":{"line":28,"column":15}}},"fnMap":{"0":{"name":"(anonymous_0)","decl":{"start":{"line":1,"column":33},"end":{"line":1,"column":34}},"loc":{"start":{"line":1,"column":44},"end":{"line":29,"column":1}},"line":1}},"branchMap":{"0":{"loc":{"start":{"line":7,"column":6},"end":{"line":7,"column":41}},"type":"if","locations":[{"start":{"line":7,"column":6},"end":{"line":7,"column":41}},{"start":{},"end":{}}],"line":7},"1":{"loc":{"start":{"line":12,"column":24},"end":{"line":12,"column":49}},"type":"binary-expr","locations":[{"start":{"line":12,"column":24},"end":{"line":12,"column":31}},{"start":{"line":12,"column":35},"end":{"line":12,"column":49}}],"line":12},"2":{"loc":{"start":{"line":13,"column":26},"end":{"line":13,"column":51}},"type":"binary-expr","locations":[{"start":{"line":13,"column":26},"end":{"line":13,"column":33}},{"start":{"line":13,"column":37},"end":{"line":13,"column":51}}],"line":13},"3":{"loc":{"start":{"line":14,"column":10},"end":{"line":14,"column":45}},"type":"if","locations":[{"start":{"line":14,"column":10},"end":{"line":14,"column":45}},{"start":{},"end":{}}],"line":14},"4":{"loc":{"start":{"line":14,"column":14},"end":{"line":14,"column":34}},"type":"binary-expr","locations":[{"start":{"line":14,"column":14},"end":{"line":14,"column":22}},{"start":{"line":14,"column":26},"end":{"line":14,"column":34}}],"line":14},"5":{"loc":{"start":{"line":19,"column":10},"end":{"line":22,"column":11}},"type":"if","locations":[{"start":{"line":19,"column":10},"end":{"line":22,"column":11}},{"start":{},"end":{}}],"line":19},"6":{"loc":{"start":{"line":19,"column":14},"end":{"line":19,"column":106}},"type":"binary-expr","locations":[{"start":{"line":19,"column":14},"end":{"line":19,"column":23}},{"start":{"line":19,"column":27},"end":{"line":19,"column":43}},{"start":{"line":19,"column":47},"end":{"line":19,"column":56}},{"start":{"line":19,"column":60},"end":{"line":19,"column":76}},{"start":{"line":19,"column":80},"end":{"line":19,"column":106}}],"line":19}},"s":{"0":3,"1":104,"2":104,"3":104,"4":104,"5":2080,"6":2080,"7":41600,"8":976,"9":40624,"10":40624,"11":40624,"12":119820,"13":119820,"14":357961,"15":39585,"16":318376,"17":318376,"18":318376,"19":1186,"20":1186,"21":104},"f":{"0":104},"b":{"0":[976,40624],"1":[160444,120974],"2":[477781,358822],"3":[39585,318376],"4":[357961,118896],"5":[1186,317190],"6":[318376,313528,307348,301378,295404]},"_coverageSchema":"1a1c01bbd47fc00a2c39e90264f33305004495a9","hash":"876c4c7a945caa1c471598b6ed36a63f6f4a1535"}
,"/home/joensjon/TiRaLab/tictactoe/src/logic/AI.jsx": {"path":"/home/joensjon/TiRaLab/tictactoe/src/logic/AI.jsx","statementMap":{"0":{"start":{"line":5,"column":18},"end":{"line":5,"column":27}},"1":{"start":{"line":6,"column":18},"end":{"line":6,"column":26}},"2":{"start":{"line":7,"column":18},"end":{"line":7,"column":19}},"3":{"start":{"line":9,"column":30},"end":{"line":28,"column":1}},"4":{"start":{"line":10,"column":18},"end":{"line":10,"column":27}},"5":{"start":{"line":11,"column":17},"end":{"line":11,"column":19}},"6":{"start":{"line":12,"column":14},"end":{"line":12,"column":38}},"7":{"start":{"line":14,"column":14},"end":{"line":14,"column":23}},"8":{"start":{"line":15,"column":13},"end":{"line":15,"column":22}},"9":{"start":{"line":17,"column":2},"end":{"line":26,"column":3}},"10":{"start":{"line":18,"column":4},"end":{"line":18,"column":45}},"11":{"start":{"line":19,"column":16},"end":{"line":19,"column":87}},"12":{"start":{"line":20,"column":4},"end":{"line":20,"column":47}},"13":{"start":{"line":21,"column":4},"end":{"line":25,"column":5}},"14":{"start":{"line":22,"column":6},"end":{"line":22,"column":24}},"15":{"start":{"line":23,"column":6},"end":{"line":23,"column":70}},"16":{"start":{"line":24,"column":6},"end":{"line":24,"column":41}},"17":{"start":{"line":27,"column":2},"end":{"line":27,"column":18}},"18":{"start":{"line":30,"column":16},"end":{"line":69,"column":1}},"19":{"start":{"line":31,"column":2},"end":{"line":33,"column":3}},"20":{"start":{"line":32,"column":4},"end":{"line":32,"column":43}},"21":{"start":{"line":35,"column":15},"end":{"line":35,"column":76}},"22":{"start":{"line":36,"column":2},"end":{"line":38,"column":3}},"23":{"start":{"line":37,"column":4},"end":{"line":37,"column":18}},"24":{"start":{"line":40,"column":2},"end":{"line":68,"column":3}},"25":{"start":{"line":41,"column":20},"end":{"line":41,"column":29}},"26":{"start":{"line":42,"column":16},"end":{"line":42,"column":40}},"27":{"start":{"line":43,"column":4},"end":{"line":52,"column":5}},"28":{"start":{"line":44,"column":6},"end":{"line":44,"column":61}},"29":{"start":{"line":45,"column":18},"end":{"line":45,"column":111}},"30":{"start":{"line":46,"column":6},"end":{"line":46,"column":49}},"31":{"start":{"line":47,"column":6},"end":{"line":47,"column":45}},"32":{"start":{"line":48,"column":6},"end":{"line":48,"column":41}},"33":{"start":{"line":49,"column":6},"end":{"line":51,"column":7}},"34":{"start":{"line":50,"column":8},"end":{"line":50,"column":14}},"35":{"start":{"line":53,"column":4},"end":{"line":53,"column":21}},"36":{"start":{"line":55,"column":20},"end":{"line":55,"column":29}},"37":{"start":{"line":56,"column":16},"end":{"line":56,"column":40}},"38":{"start":{"line":57,"column":4},"end":{"line":66,"column":5}},"39":{"start":{"line":58,"column":6},"end":{"line":58,"column":83}},"40":{"start":{"line":59,"column":18},"end":{"line":59,"column":110}},"41":{"start":{"line":60,"column":6},"end":{"line":60,"column":49}},"42":{"start":{"line":61,"column":6},"end":{"line":61,"column":45}},"43":{"start":{"line":62,"column":6},"end":{"line":62,"column":39}},"44":{"start":{"line":63,"column":6},"end":{"line":65,"column":7}},"45":{"start":{"line":64,"column":8},"end":{"line":64,"column":14}},"46":{"start":{"line":67,"column":4},"end":{"line":67,"column":21}},"47":{"start":{"line":71,"column":34},"end":{"line":78,"column":1}},"48":{"start":{"line":72,"column":18},"end":{"line":72,"column":49}},"49":{"start":{"line":73,"column":22},"end":{"line":73,"column":54}},"50":{"start":{"line":75,"column":2},"end":{"line":75,"column":40}},"51":{"start":{"line":75,"column":25},"end":{"line":75,"column":40}},"52":{"start":{"line":77,"column":2},"end":{"line":77,"column":31}}},"fnMap":{"0":{"name":"(anonymous_0)","decl":{"start":{"line":9,"column":30},"end":{"line":9,"column":31}},"loc":{"start":{"line":9,"column":71},"end":{"line":28,"column":1}},"line":9},"1":{"name":"(anonymous_1)","decl":{"start":{"line":30,"column":16},"end":{"line":30,"column":17}},"loc":{"start":{"line":30,"column":97},"end":{"line":69,"column":1}},"line":30},"2":{"name":"(anonymous_2)","decl":{"start":{"line":71,"column":34},"end":{"line":71,"column":35}},"loc":{"start":{"line":71,"column":55},"end":{"line":78,"column":1}},"line":71}},"branchMap":{"0":{"loc":{"start":{"line":21,"column":4},"end":{"line":25,"column":5}},"type":"if","locations":[{"start":{"line":21,"column":4},"end":{"line":25,"column":5}},{"start":{},"end":{}}],"line":21},"1":{"loc":{"start":{"line":31,"column":2},"end":{"line":33,"column":3}},"type":"if","locations":[{"start":{"line":31,"column":2},"end":{"line":33,"column":3}},{"start":{},"end":{}}],"line":31},"2":{"loc":{"start":{"line":36,"column":2},"end":{"line":38,"column":3}},"type":"if","locations":[{"start":{"line":36,"column":2},"end":{"line":38,"column":3}},{"start":{},"end":{}}],"line":36},"3":{"loc":{"start":{"line":40,"column":2},"end":{"line":68,"column":3}},"type":"if","locations":[{"start":{"line":40,"column":2},"end":{"line":68,"column":3}},{"start":{"line":54,"column":9},"end":{"line":68,"column":3}}],"line":40},"4":{"loc":{"start":{"line":49,"column":6},"end":{"line":51,"column":7}},"type":"if","locations":[{"start":{"line":49,"column":6},"end":{"line":51,"column":7}},{"start":{},"end":{}}],"line":49},"5":{"loc":{"start":{"line":58,"column":45},"end":{"line":58,"column":81}},"type":"cond-expr","locations":[{"start":{"line":58,"column":72},"end":{"line":58,"column":75}},{"start":{"line":58,"column":78},"end":{"line":58,"column":81}}],"line":58},"6":{"loc":{"start":{"line":63,"column":6},"end":{"line":65,"column":7}},"type":"if","locations":[{"start":{"line":63,"column":6},"end":{"line":65,"column":7}},{"start":{},"end":{}}],"line":63},"7":{"loc":{"start":{"line":75,"column":2},"end":{"line":75,"column":40}},"type":"if","locations":[{"start":{"line":75,"column":2},"end":{"line":75,"column":40}},{"start":{},"end":{}}],"line":75}},"s":{"0":2,"1":2,"2":2,"3":2,"4":1,"5":1,"6":1,"7":1,"8":1,"9":1,"10":7,"11":7,"12":7,"13":7,"14":1,"15":1,"16":1,"17":1,"18":2,"19":309,"20":209,"21":100,"22":100,"23":0,"24":100,"25":14,"26":14,"27":14,"28":79,"29":79,"30":79,"31":79,"32":79,"33":79,"34":7,"35":14,"36":86,"37":86,"38":86,"39":223,"40":223,"41":223,"42":223,"43":223,"44":223,"45":77,"46":86,"47":2,"48":212,"49":212,"50":212,"51":1,"52":211},"f":{"0":1,"1":309,"2":212},"b":{"0":[1,6],"1":[209,100],"2":[0,100],"3":[14,86],"4":[7,72],"5":[0,223],"6":[77,146],"7":[1,211]},"_coverageSchema":"1a1c01bbd47fc00a2c39e90264f33305004495a9","hash":"b523a984ecf740f51e8b71abb4104d36340eaa45"}
,"/home/joensjon/TiRaLab/tictactoe/src/logic/GameHeuristics.jsx": {"path":"/home/joensjon/TiRaLab/tictactoe/src/logic/GameHeuristics.jsx","statementMap":{"0":{"start":{"line":5,"column":24},"end":{"line":20,"column":1}},"1":{"start":{"line":6,"column":14},"end":{"line":6,"column":15}},"2":{"start":{"line":9,"column":2},"end":{"line":12,"column":3}},"3":{"start":{"line":9,"column":15},"end":{"line":9,"column":27}},"4":{"start":{"line":10,"column":4},"end":{"line":10,"column":12}},"5":{"start":{"line":11,"column":4},"end":{"line":11,"column":32}},"6":{"start":{"line":11,"column":20},"end":{"line":11,"column":32}},"7":{"start":{"line":15,"column":2},"end":{"line":18,"column":3}},"8":{"start":{"line":15,"column":15},"end":{"line":15,"column":27}},"9":{"start":{"line":16,"column":4},"end":{"line":16,"column":12}},"10":{"start":{"line":17,"column":4},"end":{"line":17,"column":32}},"11":{"start":{"line":17,"column":20},"end":{"line":17,"column":32}},"12":{"start":{"line":19,"column":2},"end":{"line":19,"column":15}},"13":{"start":{"line":22,"column":22},"end":{"line":36,"column":1}},"14":{"start":{"line":23,"column":14},"end":{"line":23,"column":15}},"15":{"start":{"line":26,"column":2},"end":{"line":29,"column":3}},"16":{"start":{"line":26,"column":15},"end":{"line":26,"column":27}},"17":{"start":{"line":27,"column":4},"end":{"line":27,"column":12}},"18":{"start":{"line":28,"column":4},"end":{"line":28,"column":32}},"19":{"start":{"line":28,"column":20},"end":{"line":28,"column":32}},"20":{"start":{"line":31,"column":2},"end":{"line":34,"column":3}},"21":{"start":{"line":31,"column":15},"end":{"line":31,"column":27}},"22":{"start":{"line":32,"column":4},"end":{"line":32,"column":12}},"23":{"start":{"line":33,"column":4},"end":{"line":33,"column":32}},"24":{"start":{"line":33,"column":20},"end":{"line":33,"column":32}},"25":{"start":{"line":35,"column":2},"end":{"line":35,"column":15}},"26":{"start":{"line":38,"column":22},"end":{"line":69,"column":1}},"27":{"start":{"line":39,"column":14},"end":{"line":39,"column":15}},"28":{"start":{"line":43,"column":2},"end":{"line":46,"column":3}},"29":{"start":{"line":43,"column":15},"end":{"line":43,"column":27}},"30":{"start":{"line":43,"column":33},"end":{"line":43,"column":45}},"31":{"start":{"line":44,"column":4},"end":{"line":44,"column":12}},"32":{"start":{"line":45,"column":4},"end":{"line":45,"column":32}},"33":{"start":{"line":45,"column":20},"end":{"line":45,"column":32}},"34":{"start":{"line":48,"column":2},"end":{"line":51,"column":3}},"35":{"start":{"line":48,"column":15},"end":{"line":48,"column":27}},"36":{"start":{"line":48,"column":33},"end":{"line":48,"column":45}},"37":{"start":{"line":49,"column":4},"end":{"line":49,"column":12}},"38":{"start":{"line":50,"column":4},"end":{"line":50,"column":32}},"39":{"start":{"line":50,"column":20},"end":{"line":50,"column":32}},"40":{"start":{"line":54,"column":2},"end":{"line":54,"column":12}},"41":{"start":{"line":58,"column":2},"end":{"line":61,"column":3}},"42":{"start":{"line":58,"column":15},"end":{"line":58,"column":27}},"43":{"start":{"line":58,"column":33},"end":{"line":58,"column":45}},"44":{"start":{"line":59,"column":4},"end":{"line":59,"column":12}},"45":{"start":{"line":60,"column":4},"end":{"line":60,"column":32}},"46":{"start":{"line":60,"column":20},"end":{"line":60,"column":32}},"47":{"start":{"line":63,"column":2},"end":{"line":66,"column":3}},"48":{"start":{"line":63,"column":15},"end":{"line":63,"column":27}},"49":{"start":{"line":63,"column":33},"end":{"line":63,"column":45}},"50":{"start":{"line":64,"column":4},"end":{"line":64,"column":12}},"51":{"start":{"line":65,"column":4},"end":{"line":65,"column":32}},"52":{"start":{"line":65,"column":20},"end":{"line":65,"column":32}},"53":{"start":{"line":68,"column":2},"end":{"line":68,"column":15}},"54":{"start":{"line":71,"column":27},"end":{"line":84,"column":1}},"55":{"start":{"line":72,"column":24},"end":{"line":72,"column":49}},"56":{"start":{"line":73,"column":2},"end":{"line":77,"column":3}},"57":{"start":{"line":76,"column":4},"end":{"line":76,"column":78}},"58":{"start":{"line":79,"column":17},"end":{"line":79,"column":69}},"59":{"start":{"line":79,"column":36},"end":{"line":79,"column":68}},"60":{"start":{"line":79,"column":54},"end":{"line":79,"column":67}},"61":{"start":{"line":80,"column":2},"end":{"line":82,"column":3}},"62":{"start":{"line":81,"column":4},"end":{"line":81,"column":26}},"63":{"start":{"line":83,"column":2},"end":{"line":83,"column":30}},"64":{"start":{"line":86,"column":34},"end":{"line":101,"column":1}},"65":{"start":{"line":87,"column":24},"end":{"line":87,"column":49}},"66":{"start":{"line":89,"column":2},"end":{"line":93,"column":3}},"67":{"start":{"line":92,"column":4},"end":{"line":92,"column":85}},"68":{"start":{"line":95,"column":17},"end":{"line":95,"column":69}},"69":{"start":{"line":95,"column":36},"end":{"line":95,"column":68}},"70":{"start":{"line":95,"column":54},"end":{"line":95,"column":67}},"71":{"start":{"line":96,"column":2},"end":{"line":98,"column":3}},"72":{"start":{"line":97,"column":4},"end":{"line":97,"column":29}},"73":{"start":{"line":100,"column":2},"end":{"line":100,"column":14}},"74":{"start":{"line":103,"column":24},"end":{"line":111,"column":1}},"75":{"start":{"line":105,"column":26},"end":{"line":105,"column":67}},"76":{"start":{"line":106,"column":24},"end":{"line":106,"column":63}},"77":{"start":{"line":107,"column":24},"end":{"line":107,"column":63}},"78":{"start":{"line":110,"column":2},"end":{"line":110,"column":57}},"79":{"start":{"line":113,"column":34},"end":{"line":124,"column":1}},"80":{"start":{"line":114,"column":20},"end":{"line":114,"column":29}},"81":{"start":{"line":116,"column":2},"end":{"line":121,"column":3}},"82":{"start":{"line":116,"column":15},"end":{"line":116,"column":16}},"83":{"start":{"line":117,"column":4},"end":{"line":119,"column":5}},"84":{"start":{"line":117,"column":17},"end":{"line":117,"column":18}},"85":{"start":{"line":118,"column":6},"end":{"line":118,"column":67}},"86":{"start":{"line":120,"column":4},"end":{"line":120,"column":64}},"87":{"start":{"line":123,"column":2},"end":{"line":123,"column":24}},"88":{"start":{"line":126,"column":32},"end":{"line":137,"column":1}},"89":{"start":{"line":127,"column":20},"end":{"line":127,"column":29}},"90":{"start":{"line":129,"column":2},"end":{"line":134,"column":3}},"91":{"start":{"line":129,"column":15},"end":{"line":129,"column":16}},"92":{"start":{"line":130,"column":4},"end":{"line":132,"column":5}},"93":{"start":{"line":130,"column":17},"end":{"line":130,"column":18}},"94":{"start":{"line":131,"column":6},"end":{"line":131,"column":67}},"95":{"start":{"line":133,"column":4},"end":{"line":133,"column":64}},"96":{"start":{"line":136,"column":2},"end":{"line":136,"column":24}},"97":{"start":{"line":139,"column":32},"end":{"line":164,"column":1}},"98":{"start":{"line":140,"column":20},"end":{"line":140,"column":29}},"99":{"start":{"line":141,"column":20},"end":{"line":141,"column":32}},"100":{"start":{"line":144,"column":2},"end":{"line":151,"column":3}},"101":{"start":{"line":144,"column":15},"end":{"line":144,"column":16}},"102":{"start":{"line":145,"column":17},"end":{"line":145,"column":47}},"103":{"start":{"line":146,"column":15},"end":{"line":146,"column":41}},"104":{"start":{"line":147,"column":4},"end":{"line":149,"column":5}},"105":{"start":{"line":147,"column":17},"end":{"line":147,"column":23}},"106":{"start":{"line":148,"column":6},"end":{"line":148,"column":71}},"107":{"start":{"line":150,"column":4},"end":{"line":150,"column":64}},"108":{"start":{"line":154,"column":2},"end":{"line":161,"column":3}},"109":{"start":{"line":154,"column":15},"end":{"line":154,"column":28}},"110":{"start":{"line":155,"column":17},"end":{"line":155,"column":31}},"111":{"start":{"line":156,"column":15},"end":{"line":156,"column":57}},"112":{"start":{"line":157,"column":4},"end":{"line":159,"column":5}},"113":{"start":{"line":157,"column":17},"end":{"line":157,"column":23}},"114":{"start":{"line":158,"column":6},"end":{"line":158,"column":71}},"115":{"start":{"line":160,"column":4},"end":{"line":160,"column":64}},"116":{"start":{"line":163,"column":2},"end":{"line":163,"column":24}},"117":{"start":{"line":166,"column":35},"end":{"line":200,"column":1}},"118":{"start":{"line":167,"column":18},"end":{"line":167,"column":26}},"119":{"start":{"line":169,"column":2},"end":{"line":169,"column":43}},"120":{"start":{"line":169,"column":34},"end":{"line":169,"column":43}},"121":{"start":{"line":171,"column":2},"end":{"line":199,"column":3}},"122":{"start":{"line":173,"column":4},"end":{"line":173,"column":21}},"123":{"start":{"line":175,"column":4},"end":{"line":179,"column":5}},"124":{"start":{"line":175,"column":21},"end":{"line":175,"column":42}},"125":{"start":{"line":177,"column":6},"end":{"line":178,"column":22}},"126":{"start":{"line":177,"column":25},"end":{"line":177,"column":46}},"127":{"start":{"line":178,"column":11},"end":{"line":178,"column":22}},"128":{"start":{"line":181,"column":4},"end":{"line":187,"column":5}},"129":{"start":{"line":182,"column":6},"end":{"line":183,"column":22}},"130":{"start":{"line":182,"column":23},"end":{"line":182,"column":36}},"131":{"start":{"line":183,"column":11},"end":{"line":183,"column":22}},"132":{"start":{"line":185,"column":6},"end":{"line":186,"column":20}},"133":{"start":{"line":185,"column":23},"end":{"line":185,"column":33}},"134":{"start":{"line":186,"column":11},"end":{"line":186,"column":20}},"135":{"start":{"line":189,"column":4},"end":{"line":194,"column":5}},"136":{"start":{"line":190,"column":6},"end":{"line":191,"column":20}},"137":{"start":{"line":190,"column":23},"end":{"line":190,"column":32}},"138":{"start":{"line":191,"column":11},"end":{"line":191,"column":20}},"139":{"start":{"line":193,"column":6},"end":{"line":193,"column":15}},"140":{"start":{"line":196,"column":4},"end":{"line":196,"column":13}},"141":{"start":{"line":198,"column":4},"end":{"line":198,"column":25}},"142":{"start":{"line":202,"column":34},"end":{"line":221,"column":1}},"143":{"start":{"line":203,"column":15},"end":{"line":203,"column":40}},"144":{"start":{"line":205,"column":2},"end":{"line":220,"column":3}},"145":{"start":{"line":206,"column":4},"end":{"line":206,"column":19}},"146":{"start":{"line":207,"column":9},"end":{"line":220,"column":3}},"147":{"start":{"line":208,"column":4},"end":{"line":212,"column":5}},"148":{"start":{"line":209,"column":6},"end":{"line":209,"column":21}},"149":{"start":{"line":210,"column":6},"end":{"line":210,"column":89}},"150":{"start":{"line":211,"column":6},"end":{"line":211,"column":23}},"151":{"start":{"line":213,"column":4},"end":{"line":213,"column":21}},"152":{"start":{"line":214,"column":9},"end":{"line":220,"column":3}},"153":{"start":{"line":215,"column":4},"end":{"line":215,"column":87}},"154":{"start":{"line":216,"column":4},"end":{"line":216,"column":21}},"155":{"start":{"line":217,"column":4},"end":{"line":217,"column":21}},"156":{"start":{"line":219,"column":4},"end":{"line":219,"column":21}},"157":{"start":{"line":223,"column":46},"end":{"line":231,"column":1}},"158":{"start":{"line":225,"column":2},"end":{"line":227,"column":3}},"159":{"start":{"line":226,"column":4},"end":{"line":226,"column":87}},"160":{"start":{"line":229,"column":2},"end":{"line":229,"column":19}},"161":{"start":{"line":230,"column":2},"end":{"line":230,"column":19}}},"fnMap":{"0":{"name":"(anonymous_0)","decl":{"start":{"line":5,"column":24},"end":{"line":5,"column":25}},"loc":{"start":{"line":5,"column":70},"end":{"line":20,"column":1}},"line":5},"1":{"name":"(anonymous_1)","decl":{"start":{"line":22,"column":22},"end":{"line":22,"column":23}},"loc":{"start":{"line":22,"column":68},"end":{"line":36,"column":1}},"line":22},"2":{"name":"(anonymous_2)","decl":{"start":{"line":38,"column":22},"end":{"line":38,"column":23}},"loc":{"start":{"line":38,"column":68},"end":{"line":69,"column":1}},"line":38},"3":{"name":"(anonymous_3)","decl":{"start":{"line":71,"column":27},"end":{"line":71,"column":28}},"loc":{"start":{"line":71,"column":58},"end":{"line":84,"column":1}},"line":71},"4":{"name":"(anonymous_4)","decl":{"start":{"line":79,"column":29},"end":{"line":79,"column":30}},"loc":{"start":{"line":79,"column":36},"end":{"line":79,"column":68}},"line":79},"5":{"name":"(anonymous_5)","decl":{"start":{"line":79,"column":46},"end":{"line":79,"column":47}},"loc":{"start":{"line":79,"column":54},"end":{"line":79,"column":67}},"line":79},"6":{"name":"(anonymous_6)","decl":{"start":{"line":86,"column":34},"end":{"line":86,"column":35}},"loc":{"start":{"line":86,"column":83},"end":{"line":101,"column":1}},"line":86},"7":{"name":"(anonymous_7)","decl":{"start":{"line":95,"column":29},"end":{"line":95,"column":30}},"loc":{"start":{"line":95,"column":36},"end":{"line":95,"column":68}},"line":95},"8":{"name":"(anonymous_8)","decl":{"start":{"line":95,"column":46},"end":{"line":95,"column":47}},"loc":{"start":{"line":95,"column":54},"end":{"line":95,"column":67}},"line":95},"9":{"name":"(anonymous_9)","decl":{"start":{"line":103,"column":24},"end":{"line":103,"column":25}},"loc":{"start":{"line":103,"column":51},"end":{"line":111,"column":1}},"line":103},"10":{"name":"(anonymous_10)","decl":{"start":{"line":113,"column":34},"end":{"line":113,"column":35}},"loc":{"start":{"line":113,"column":61},"end":{"line":124,"column":1}},"line":113},"11":{"name":"(anonymous_11)","decl":{"start":{"line":126,"column":32},"end":{"line":126,"column":33}},"loc":{"start":{"line":126,"column":59},"end":{"line":137,"column":1}},"line":126},"12":{"name":"(anonymous_12)","decl":{"start":{"line":139,"column":32},"end":{"line":139,"column":33}},"loc":{"start":{"line":139,"column":59},"end":{"line":164,"column":1}},"line":139},"13":{"name":"(anonymous_13)","decl":{"start":{"line":166,"column":35},"end":{"line":166,"column":36}},"loc":{"start":{"line":166,"column":68},"end":{"line":200,"column":1}},"line":166},"14":{"name":"(anonymous_14)","decl":{"start":{"line":202,"column":34},"end":{"line":202,"column":35}},"loc":{"start":{"line":202,"column":92},"end":{"line":221,"column":1}},"line":202},"15":{"name":"(anonymous_15)","decl":{"start":{"line":223,"column":46},"end":{"line":223,"column":47}},"loc":{"start":{"line":223,"column":77},"end":{"line":231,"column":1}},"line":223}},"branchMap":{"0":{"loc":{"start":{"line":9,"column":29},"end":{"line":9,"column":75}},"type":"binary-expr","locations":[{"start":{"line":9,"column":29},"end":{"line":9,"column":35}},{"start":{"line":9,"column":39},"end":{"line":9,"column":75}}],"line":9},"1":{"loc":{"start":{"line":11,"column":4},"end":{"line":11,"column":32}},"type":"if","locations":[{"start":{"line":11,"column":4},"end":{"line":11,"column":32}},{"start":{},"end":{}}],"line":11},"2":{"loc":{"start":{"line":15,"column":29},"end":{"line":15,"column":95}},"type":"binary-expr","locations":[{"start":{"line":15,"column":29},"end":{"line":15,"column":55}},{"start":{"line":15,"column":59},"end":{"line":15,"column":95}}],"line":15},"3":{"loc":{"start":{"line":17,"column":4},"end":{"line":17,"column":32}},"type":"if","locations":[{"start":{"line":17,"column":4},"end":{"line":17,"column":32}},{"start":{},"end":{}}],"line":17},"4":{"loc":{"start":{"line":26,"column":29},"end":{"line":26,"column":75}},"type":"binary-expr","locations":[{"start":{"line":26,"column":29},"end":{"line":26,"column":35}},{"start":{"line":26,"column":39},"end":{"line":26,"column":75}}],"line":26},"5":{"loc":{"start":{"line":28,"column":4},"end":{"line":28,"column":32}},"type":"if","locations":[{"start":{"line":28,"column":4},"end":{"line":28,"column":32}},{"start":{},"end":{}}],"line":28},"6":{"loc":{"start":{"line":31,"column":29},"end":{"line":31,"column":95}},"type":"binary-expr","locations":[{"start":{"line":31,"column":29},"end":{"line":31,"column":55}},{"start":{"line":31,"column":59},"end":{"line":31,"column":95}}],"line":31},"7":{"loc":{"start":{"line":33,"column":4},"end":{"line":33,"column":32}},"type":"if","locations":[{"start":{"line":33,"column":4},"end":{"line":33,"column":32}},{"start":{},"end":{}}],"line":33},"8":{"loc":{"start":{"line":43,"column":47},"end":{"line":43,"column":96}},"type":"binary-expr","locations":[{"start":{"line":43,"column":47},"end":{"line":43,"column":53}},{"start":{"line":43,"column":57},"end":{"line":43,"column":63}},{"start":{"line":43,"column":67},"end":{"line":43,"column":96}}],"line":43},"9":{"loc":{"start":{"line":45,"column":4},"end":{"line":45,"column":32}},"type":"if","locations":[{"start":{"line":45,"column":4},"end":{"line":45,"column":32}},{"start":{},"end":{}}],"line":45},"10":{"loc":{"start":{"line":48,"column":47},"end":{"line":48,"column":119}},"type":"binary-expr","locations":[{"start":{"line":48,"column":47},"end":{"line":48,"column":63}},{"start":{"line":48,"column":67},"end":{"line":48,"column":86}},{"start":{"line":48,"column":90},"end":{"line":48,"column":119}}],"line":48},"11":{"loc":{"start":{"line":50,"column":4},"end":{"line":50,"column":32}},"type":"if","locations":[{"start":{"line":50,"column":4},"end":{"line":50,"column":32}},{"start":{},"end":{}}],"line":50},"12":{"loc":{"start":{"line":58,"column":47},"end":{"line":58,"column":109}},"type":"binary-expr","locations":[{"start":{"line":58,"column":47},"end":{"line":58,"column":53}},{"start":{"line":58,"column":57},"end":{"line":58,"column":76}},{"start":{"line":58,"column":80},"end":{"line":58,"column":109}}],"line":58},"13":{"loc":{"start":{"line":60,"column":4},"end":{"line":60,"column":32}},"type":"if","locations":[{"start":{"line":60,"column":4},"end":{"line":60,"column":32}},{"start":{},"end":{}}],"line":60},"14":{"loc":{"start":{"line":63,"column":47},"end":{"line":63,"column":106}},"type":"binary-expr","locations":[{"start":{"line":63,"column":47},"end":{"line":63,"column":63}},{"start":{"line":63,"column":67},"end":{"line":63,"column":73}},{"start":{"line":63,"column":77},"end":{"line":63,"column":106}}],"line":63},"15":{"loc":{"start":{"line":65,"column":4},"end":{"line":65,"column":32}},"type":"if","locations":[{"start":{"line":65,"column":4},"end":{"line":65,"column":32}},{"start":{},"end":{}}],"line":65},"16":{"loc":{"start":{"line":73,"column":2},"end":{"line":77,"column":3}},"type":"if","locations":[{"start":{"line":73,"column":2},"end":{"line":77,"column":3}},{"start":{},"end":{}}],"line":73},"17":{"loc":{"start":{"line":73,"column":6},"end":{"line":75,"column":59}},"type":"binary-expr","locations":[{"start":{"line":73,"column":6},"end":{"line":73,"column":63}},{"start":{"line":74,"column":4},"end":{"line":74,"column":59}},{"start":{"line":75,"column":4},"end":{"line":75,"column":59}}],"line":73},"18":{"loc":{"start":{"line":76,"column":11},"end":{"line":76,"column":77}},"type":"cond-expr","locations":[{"start":{"line":76,"column":38},"end":{"line":76,"column":58}},{"start":{"line":76,"column":61},"end":{"line":76,"column":77}}],"line":76},"19":{"loc":{"start":{"line":80,"column":2},"end":{"line":82,"column":3}},"type":"if","locations":[{"start":{"line":80,"column":2},"end":{"line":82,"column":3}},{"start":{},"end":{}}],"line":80},"20":{"loc":{"start":{"line":89,"column":2},"end":{"line":93,"column":3}},"type":"if","locations":[{"start":{"line":89,"column":2},"end":{"line":93,"column":3}},{"start":{},"end":{}}],"line":89},"21":{"loc":{"start":{"line":89,"column":6},"end":{"line":91,"column":61}},"type":"binary-expr","locations":[{"start":{"line":89,"column":6},"end":{"line":89,"column":63}},{"start":{"line":90,"column":6},"end":{"line":90,"column":61}},{"start":{"line":91,"column":6},"end":{"line":91,"column":61}}],"line":89},"22":{"loc":{"start":{"line":92,"column":11},"end":{"line":92,"column":84}},"type":"cond-expr","locations":[{"start":{"line":92,"column":48},"end":{"line":92,"column":64}},{"start":{"line":92,"column":67},"end":{"line":92,"column":84}}],"line":92},"23":{"loc":{"start":{"line":96,"column":2},"end":{"line":98,"column":3}},"type":"if","locations":[{"start":{"line":96,"column":2},"end":{"line":98,"column":3}},{"start":{},"end":{}}],"line":96},"24":{"loc":{"start":{"line":169,"column":2},"end":{"line":169,"column":43}},"type":"if","locations":[{"start":{"line":169,"column":2},"end":{"line":169,"column":43}},{"start":{},"end":{}}],"line":169},"25":{"loc":{"start":{"line":169,"column":6},"end":{"line":169,"column":32}},"type":"binary-expr","locations":[{"start":{"line":169,"column":6},"end":{"line":169,"column":19}},{"start":{"line":169,"column":23},"end":{"line":169,"column":32}}],"line":169},"26":{"loc":{"start":{"line":171,"column":2},"end":{"line":199,"column":3}},"type":"switch","locations":[{"start":{"line":172,"column":2},"end":{"line":173,"column":21}},{"start":{"line":174,"column":2},"end":{"line":179,"column":5}},{"start":{"line":180,"column":2},"end":{"line":187,"column":5}},{"start":{"line":188,"column":2},"end":{"line":194,"column":5}},{"start":{"line":195,"column":2},"end":{"line":196,"column":13}},{"start":{"line":197,"column":2},"end":{"line":198,"column":25}}],"line":171},"27":{"loc":{"start":{"line":175,"column":4},"end":{"line":179,"column":5}},"type":"if","locations":[{"start":{"line":175,"column":4},"end":{"line":179,"column":5}},{"start":{"line":176,"column":9},"end":{"line":179,"column":5}}],"line":175},"28":{"loc":{"start":{"line":177,"column":6},"end":{"line":178,"column":22}},"type":"if","locations":[{"start":{"line":177,"column":6},"end":{"line":178,"column":22}},{"start":{"line":178,"column":11},"end":{"line":178,"column":22}}],"line":177},"29":{"loc":{"start":{"line":181,"column":4},"end":{"line":187,"column":5}},"type":"if","locations":[{"start":{"line":181,"column":4},"end":{"line":187,"column":5}},{"start":{"line":184,"column":11},"end":{"line":187,"column":5}}],"line":181},"30":{"loc":{"start":{"line":182,"column":6},"end":{"line":183,"column":22}},"type":"if","locations":[{"start":{"line":182,"column":6},"end":{"line":183,"column":22}},{"start":{"line":183,"column":11},"end":{"line":183,"column":22}}],"line":182},"31":{"loc":{"start":{"line":185,"column":6},"end":{"line":186,"column":20}},"type":"if","locations":[{"start":{"line":185,"column":6},"end":{"line":186,"column":20}},{"start":{"line":186,"column":11},"end":{"line":186,"column":20}}],"line":185},"32":{"loc":{"start":{"line":189,"column":4},"end":{"line":194,"column":5}},"type":"if","locations":[{"start":{"line":189,"column":4},"end":{"line":194,"column":5}},{"start":{"line":192,"column":11},"end":{"line":194,"column":5}}],"line":189},"33":{"loc":{"start":{"line":190,"column":6},"end":{"line":191,"column":20}},"type":"if","locations":[{"start":{"line":190,"column":6},"end":{"line":191,"column":20}},{"start":{"line":191,"column":11},"end":{"line":191,"column":20}}],"line":190},"34":{"loc":{"start":{"line":205,"column":2},"end":{"line":220,"column":3}},"type":"if","locations":[{"start":{"line":205,"column":2},"end":{"line":220,"column":3}},{"start":{"line":207,"column":9},"end":{"line":220,"column":3}}],"line":205},"35":{"loc":{"start":{"line":207,"column":9},"end":{"line":220,"column":3}},"type":"if","locations":[{"start":{"line":207,"column":9},"end":{"line":220,"column":3}},{"start":{"line":214,"column":9},"end":{"line":220,"column":3}}],"line":207},"36":{"loc":{"start":{"line":208,"column":4},"end":{"line":212,"column":5}},"type":"if","locations":[{"start":{"line":208,"column":4},"end":{"line":212,"column":5}},{"start":{},"end":{}}],"line":208},"37":{"loc":{"start":{"line":214,"column":9},"end":{"line":220,"column":3}},"type":"if","locations":[{"start":{"line":214,"column":9},"end":{"line":220,"column":3}},{"start":{"line":218,"column":9},"end":{"line":220,"column":3}}],"line":214},"38":{"loc":{"start":{"line":214,"column":13},"end":{"line":214,"column":48}},"type":"binary-expr","locations":[{"start":{"line":214,"column":13},"end":{"line":214,"column":28}},{"start":{"line":214,"column":32},"end":{"line":214,"column":48}}],"line":214},"39":{"loc":{"start":{"line":225,"column":2},"end":{"line":227,"column":3}},"type":"if","locations":[{"start":{"line":225,"column":2},"end":{"line":227,"column":3}},{"start":{},"end":{}}],"line":225}},"s":{"0":3,"1":105,"2":105,"3":105,"4":12,"5":12,"6":0,"7":105,"8":105,"9":28,"10":28,"11":1,"12":104,"13":3,"14":104,"15":104,"16":104,"17":13,"18":13,"19":0,"20":104,"21":104,"22":3,"23":3,"24":1,"25":103,"26":3,"27":103,"28":103,"29":103,"30":103,"31":11,"32":11,"33":0,"34":103,"35":103,"36":103,"37":0,"38":0,"39":0,"40":103,"41":103,"42":103,"43":103,"44":10,"45":10,"46":0,"47":103,"48":103,"49":103,"50":2,"51":2,"52":0,"53":103,"54":3,"55":5,"56":5,"57":2,"58":3,"59":22,"60":402,"61":3,"62":1,"63":2,"64":3,"65":100,"66":100,"67":0,"68":100,"69":100,"70":100,"71":100,"72":0,"73":100,"74":3,"75":427,"76":427,"77":427,"78":427,"79":3,"80":429,"81":429,"82":429,"83":8580,"84":8580,"85":171600,"86":8580,"87":429,"88":3,"89":429,"90":429,"91":429,"92":8580,"93":8580,"94":171600,"95":8580,"96":429,"97":3,"98":427,"99":427,"100":427,"101":427,"102":16653,"103":16653,"104":16653,"105":16653,"106":170800,"107":16653,"108":427,"109":427,"110":16653,"111":16653,"112":16653,"113":16653,"114":170800,"115":16653,"116":427,"117":3,"118":3112,"119":3112,"120":280,"121":2832,"122":1,"123":10,"124":7,"125":3,"126":1,"127":2,"128":2,"129":1,"130":1,"131":0,"132":1,"133":0,"134":1,"135":292,"136":97,"137":49,"138":48,"139":195,"140":2527,"141":0,"142":3,"143":684817,"144":684817,"145":3425,"146":681392,"147":672964,"148":2653,"149":2653,"150":2653,"151":672964,"152":8428,"153":442,"154":442,"155":442,"156":7986,"157":3,"158":50466,"159":6,"160":50466,"161":50466},"f":{"0":105,"1":104,"2":103,"3":5,"4":22,"5":402,"6":100,"7":100,"8":100,"9":427,"10":429,"11":429,"12":427,"13":3112,"14":684817,"15":50466},"b":{"0":[117,117],"1":[0,12],"2":[132,131],"3":[1,27],"4":[117,78],"5":[0,13],"6":[106,105],"7":[1,2],"8":[114,76,76],"9":[0,11],"10":[103,102,102],"11":[0,0],"12":[113,75,74],"13":[0,10],"14":[105,104,104],"15":[0,2],"16":[2,3],"17":[5,4,3],"18":[1,1],"19":[1,2],"20":[0,100],"21":[100,100,100],"22":[0,0],"23":[0,100],"24":[280,2832],"25":[3112,280],"26":[1,10,2,292,2527,0],"27":[7,3],"28":[1,2],"29":[1,1],"30":[1,0],"31":[0,1],"32":[97,195],"33":[49,48],"34":[3425,681392],"35":[672964,8428],"36":[2653,670311],"37":[442,7986],"38":[8428,8428],"39":[6,50460]},"_coverageSchema":"1a1c01bbd47fc00a2c39e90264f33305004495a9","hash":"9bbd1303ccd9a6af08fecdb1d6c25e9afdf950f7"}
}
