TN:
SF:src/components/GameBoard.jsx
FN:6,(anonymous_0)
FN:7,(anonymous_1)
FN:11,(anonymous_2)
FN:19,(anonymous_3)
FN:24,(anonymous_4)
FN:26,(anonymous_5)
FN:27,(anonymous_6)
FN:41,(anonymous_7)
FN:42,(anonymous_8)
FN:48,(anonymous_9)
FN:57,(anonymous_10)
FN:65,(anonymous_11)
FN:66,(anonymous_12)
FN:71,(anonymous_13)
FN:84,(anonymous_14)
FN:86,(anonymous_15)
FN:91,(anonymous_16)
FNF:17
FNH:11
FNDA:6,(anonymous_0)
FNDA:120,(anonymous_1)
FNDA:6,(anonymous_2)
FNDA:2,(anonymous_3)
FNDA:0,(anonymous_4)
FNDA:0,(anonymous_5)
FNDA:0,(anonymous_6)
FNDA:0,(anonymous_7)
FNDA:0,(anonymous_8)
FNDA:0,(anonymous_9)
FNDA:2,(anonymous_10)
FNDA:40,(anonymous_11)
FNDA:800,(anonymous_12)
FNDA:2,(anonymous_13)
FNDA:120,(anonymous_14)
FNDA:2400,(anonymous_15)
FNDA:2,(anonymous_16)
DA:6,1
DA:7,120
DA:8,6
DA:9,6
DA:11,6
DA:13,6
DA:14,0
DA:19,6
DA:20,2
DA:21,2
DA:24,6
DA:25,0
DA:26,0
DA:27,0
DA:28,0
DA:29,0
DA:34,0
DA:36,0
DA:39,0
DA:41,0
DA:42,0
DA:43,0
DA:45,0
DA:47,0
DA:48,0
DA:49,0
DA:50,0
DA:53,0
DA:57,6
DA:58,2
DA:59,0
DA:61,2
DA:62,0
DA:65,2
DA:66,40
DA:67,800
DA:68,2
DA:71,2
DA:72,2
DA:73,2
DA:74,2
DA:77,0
DA:82,6
DA:85,120
DA:87,2400
DA:91,2
LF:46
LH:25
BRDA:13,0,0,0
BRDA:13,0,1,6
BRDA:28,1,0,0
BRDA:28,1,1,0
BRDA:34,2,0,0
BRDA:34,2,1,0
BRDA:43,3,0,0
BRDA:43,3,1,0
BRDA:43,4,0,0
BRDA:43,4,1,0
BRDA:47,5,0,0
BRDA:47,5,1,0
BRDA:58,6,0,0
BRDA:58,6,1,2
BRDA:58,7,0,2
BRDA:58,7,1,2
BRDA:61,8,0,0
BRDA:61,8,1,2
BRDA:67,9,0,2
BRDA:67,9,1,798
BRDA:67,10,0,800
BRDA:67,10,1,40
BRDA:72,11,0,2
BRDA:72,11,1,0
BRF:24
BRH:10
end_of_record
TN:
SF:src/logic/AI.jsx
FN:1,(anonymous_0)
FNF:1
FNH:1
FNDA:3,(anonymous_0)
DA:1,1
DA:2,3
DA:3,2
DA:4,2
LF:4
LH:4
BRDA:2,0,0,2
BRDA:2,0,1,1
BRF:2
BRH:2
end_of_record
TN:
SF:src/logic/GameHeuristics.jsx
FN:1,(anonymous_0)
FN:18,(anonymous_1)
FN:34,(anonymous_2)
FNF:3
FNH:3
FNDA:4,(anonymous_0)
FNDA:3,(anonymous_1)
FNDA:4,(anonymous_2)
DA:1,2
DA:2,4
DA:5,4
DA:6,2
DA:7,2
DA:11,4
DA:12,2
DA:13,2
DA:15,3
DA:18,2
DA:19,3
DA:22,3
DA:23,3
DA:24,3
DA:27,3
DA:28,1
DA:29,1
DA:31,2
DA:34,2
DA:35,4
DA:36,4
DA:37,4
DA:38,3
DA:40,2
LF:24
LH:24
BRDA:5,0,0,6
BRDA:5,0,1,6
BRDA:7,1,0,0
BRDA:7,1,1,2
BRDA:11,2,0,5
BRDA:11,2,1,5
BRDA:13,3,0,1
BRDA:13,3,1,1
BRDA:22,4,0,6
BRDA:22,4,1,5
BRDA:24,5,0,0
BRDA:24,5,1,3
BRDA:27,6,0,3
BRDA:27,6,1,3
BRDA:29,7,0,1
BRDA:29,7,1,0
BRDA:37,8,0,1
BRDA:37,8,1,3
BRDA:38,9,0,1
BRDA:38,9,1,2
BRF:20
BRH:17
end_of_record
