TN:
SF:src/Config.js
FNF:0
FNH:0
DA:1,4
DA:2,4
DA:4,4
LF:3
LH:3
BRF:0
BRH:0
end_of_record
TN:
SF:src/components/GameBoard.jsx
FN:9,(anonymous_0)
FN:10,(anonymous_1)
FN:14,(anonymous_2)
FN:18,(anonymous_3)
FN:19,(anonymous_4)
FN:32,(anonymous_5)
FN:37,(anonymous_6)
FN:48,(anonymous_7)
FN:50,(anonymous_8)
FN:58,(anonymous_9)
FN:60,(anonymous_10)
FN:65,(anonymous_11)
FNF:12
FNH:5
FNDA:1,(anonymous_0)
FNDA:20,(anonymous_1)
FNDA:1,(anonymous_2)
FNDA:0,(anonymous_3)
FNDA:0,(anonymous_4)
FNDA:0,(anonymous_5)
FNDA:0,(anonymous_6)
FNDA:0,(anonymous_7)
FNDA:0,(anonymous_8)
FNDA:20,(anonymous_9)
FNDA:400,(anonymous_10)
FNDA:0,(anonymous_11)
DA:9,1
DA:10,20
DA:11,1
DA:12,1
DA:14,1
DA:15,1
DA:16,0
DA:17,0
DA:18,0
DA:19,0
DA:22,0
DA:23,0
DA:24,0
DA:26,0
DA:32,1
DA:33,0
DA:34,0
DA:37,0
DA:38,0
DA:39,0
DA:41,0
DA:42,0
DA:44,0
DA:45,0
DA:48,1
DA:49,0
DA:50,0
DA:51,0
DA:54,1
DA:59,20
DA:61,400
DA:65,0
LF:32
LH:11
BRDA:15,0,0,0
BRDA:15,0,1,1
BRDA:15,1,0,1
BRDA:15,1,1,0
BRDA:17,2,0,0
BRDA:17,2,1,0
BRDA:19,3,0,0
BRDA:19,3,1,0
BRDA:19,4,0,0
BRDA:19,4,1,0
BRDA:33,5,0,0
BRDA:33,5,1,0
BRDA:33,6,0,0
BRDA:33,6,1,0
BRDA:33,6,2,0
BRDA:44,7,0,0
BRDA:44,7,1,0
BRF:17
BRH:2
end_of_record
TN:
SF:src/components/GameOver.jsx
FN:3,(anonymous_0)
FNF:1
FNH:1
FNDA:4,(anonymous_0)
DA:3,1
DA:4,4
DA:5,4
DA:7,1
DA:8,1
DA:10,1
DA:11,1
DA:13,1
DA:14,1
DA:16,1
DA:19,4
LF:11
LH:11
BRDA:5,0,0,1
BRDA:5,0,1,1
BRDA:5,0,2,1
BRDA:5,0,3,1
BRF:4
BRH:4
end_of_record
TN:
SF:src/components/GameState.js
FNF:0
FNH:0
DA:1,4
LF:1
LH:1
BRF:0
BRH:0
end_of_record
TN:
SF:src/components/Reset.jsx
FN:3,(anonymous_0)
FNF:1
FNH:1
FNDA:1,(anonymous_0)
DA:3,1
DA:4,1
LF:2
LH:2
BRF:0
BRH:0
end_of_record
TN:
SF:src/helpers/HelperFunctions.jsx
FN:1,(anonymous_0)
FNF:1
FNH:1
FNDA:104,(anonymous_0)
DA:1,3
DA:2,104
DA:3,104
DA:5,104
DA:6,2080
DA:7,41600
DA:9,40624
DA:12,40624
DA:13,119820
DA:14,357961
DA:16,318376
DA:17,318376
DA:19,318376
DA:20,1186
DA:21,1186
DA:28,104
LF:16
LH:16
BRDA:7,0,0,976
BRDA:7,0,1,40624
BRDA:12,1,0,160444
BRDA:12,1,1,120974
BRDA:13,2,0,477781
BRDA:13,2,1,358822
BRDA:14,3,0,39585
BRDA:14,3,1,318376
BRDA:14,4,0,357961
BRDA:14,4,1,118896
BRDA:19,5,0,1186
BRDA:19,5,1,317190
BRDA:19,6,0,318376
BRDA:19,6,1,313528
BRDA:19,6,2,307348
BRDA:19,6,3,301378
BRDA:19,6,4,295404
BRF:17
BRH:17
end_of_record
TN:
SF:src/logic/AI.jsx
FN:9,(anonymous_0)
FN:30,(anonymous_1)
FN:71,(anonymous_2)
FNF:3
FNH:3
FNDA:1,(anonymous_0)
FNDA:309,(anonymous_1)
FNDA:212,(anonymous_2)
DA:5,2
DA:6,2
DA:7,2
DA:9,2
DA:10,1
DA:11,1
DA:12,1
DA:14,1
DA:15,1
DA:17,1
DA:18,7
DA:19,7
DA:20,7
DA:21,7
DA:22,1
DA:23,1
DA:24,1
DA:27,1
DA:30,2
DA:31,309
DA:32,209
DA:35,100
DA:36,100
DA:37,0
DA:40,100
DA:41,14
DA:42,14
DA:43,14
DA:44,79
DA:45,79
DA:46,79
DA:47,79
DA:48,79
DA:49,79
DA:50,7
DA:53,14
DA:55,86
DA:56,86
DA:57,86
DA:58,223
DA:59,223
DA:60,223
DA:61,223
DA:62,223
DA:63,223
DA:64,77
DA:67,86
DA:71,2
DA:72,212
DA:73,212
DA:75,212
DA:77,211
LF:52
LH:51
BRDA:21,0,0,1
BRDA:21,0,1,6
BRDA:31,1,0,209
BRDA:31,1,1,100
BRDA:36,2,0,0
BRDA:36,2,1,100
BRDA:40,3,0,14
BRDA:40,3,1,86
BRDA:49,4,0,7
BRDA:49,4,1,72
BRDA:58,5,0,0
BRDA:58,5,1,223
BRDA:63,6,0,77
BRDA:63,6,1,146
BRDA:75,7,0,1
BRDA:75,7,1,211
BRF:16
BRH:14
end_of_record
TN:
SF:src/logic/GameHeuristics.jsx
FN:5,(anonymous_0)
FN:22,(anonymous_1)
FN:38,(anonymous_2)
FN:71,(anonymous_3)
FN:79,(anonymous_4)
FN:79,(anonymous_5)
FN:86,(anonymous_6)
FN:95,(anonymous_7)
FN:95,(anonymous_8)
FN:103,(anonymous_9)
FN:113,(anonymous_10)
FN:126,(anonymous_11)
FN:139,(anonymous_12)
FN:166,(anonymous_13)
FN:202,(anonymous_14)
FN:223,(anonymous_15)
FNF:16
FNH:16
FNDA:105,(anonymous_0)
FNDA:104,(anonymous_1)
FNDA:103,(anonymous_2)
FNDA:5,(anonymous_3)
FNDA:22,(anonymous_4)
FNDA:402,(anonymous_5)
FNDA:100,(anonymous_6)
FNDA:100,(anonymous_7)
FNDA:100,(anonymous_8)
FNDA:427,(anonymous_9)
FNDA:429,(anonymous_10)
FNDA:429,(anonymous_11)
FNDA:427,(anonymous_12)
FNDA:3112,(anonymous_13)
FNDA:684817,(anonymous_14)
FNDA:50466,(anonymous_15)
DA:5,3
DA:6,105
DA:9,105
DA:10,12
DA:11,12
DA:15,105
DA:16,28
DA:17,28
DA:19,104
DA:22,3
DA:23,104
DA:26,104
DA:27,13
DA:28,13
DA:31,104
DA:32,3
DA:33,3
DA:35,103
DA:38,3
DA:39,103
DA:43,103
DA:44,11
DA:45,11
DA:48,103
DA:49,0
DA:50,0
DA:54,103
DA:58,103
DA:59,10
DA:60,10
DA:63,103
DA:64,2
DA:65,2
DA:68,103
DA:71,3
DA:72,5
DA:73,5
DA:76,2
DA:79,402
DA:80,3
DA:81,1
DA:83,2
DA:86,3
DA:87,100
DA:89,100
DA:92,0
DA:95,100
DA:96,100
DA:97,0
DA:100,100
DA:103,3
DA:105,427
DA:106,427
DA:107,427
DA:110,427
DA:113,3
DA:114,429
DA:116,429
DA:117,8580
DA:118,171600
DA:120,8580
DA:123,429
DA:126,3
DA:127,429
DA:129,429
DA:130,8580
DA:131,171600
DA:133,8580
DA:136,429
DA:139,3
DA:140,427
DA:141,427
DA:144,427
DA:145,16653
DA:146,16653
DA:147,16653
DA:148,170800
DA:150,16653
DA:154,427
DA:155,16653
DA:156,16653
DA:157,16653
DA:158,170800
DA:160,16653
DA:163,427
DA:166,3
DA:167,3112
DA:169,3112
DA:171,2832
DA:173,1
DA:175,10
DA:177,3
DA:178,2
DA:181,2
DA:182,1
DA:183,0
DA:185,1
DA:186,1
DA:189,292
DA:190,97
DA:191,48
DA:193,195
DA:196,2527
DA:198,0
DA:202,3
DA:203,684817
DA:205,684817
DA:206,3425
DA:207,681392
DA:208,672964
DA:209,2653
DA:210,2653
DA:211,2653
DA:213,672964
DA:214,8428
DA:215,442
DA:216,442
DA:217,442
DA:219,7986
DA:223,3
DA:225,50466
DA:226,6
DA:229,50466
DA:230,50466
LF:124
LH:118
BRDA:9,0,0,117
BRDA:9,0,1,117
BRDA:11,1,0,0
BRDA:11,1,1,12
BRDA:15,2,0,132
BRDA:15,2,1,131
BRDA:17,3,0,1
BRDA:17,3,1,27
BRDA:26,4,0,117
BRDA:26,4,1,78
BRDA:28,5,0,0
BRDA:28,5,1,13
BRDA:31,6,0,106
BRDA:31,6,1,105
BRDA:33,7,0,1
BRDA:33,7,1,2
BRDA:43,8,0,114
BRDA:43,8,1,76
BRDA:43,8,2,76
BRDA:45,9,0,0
BRDA:45,9,1,11
BRDA:48,10,0,103
BRDA:48,10,1,102
BRDA:48,10,2,102
BRDA:50,11,0,0
BRDA:50,11,1,0
BRDA:58,12,0,113
BRDA:58,12,1,75
BRDA:58,12,2,74
BRDA:60,13,0,0
BRDA:60,13,1,10
BRDA:63,14,0,105
BRDA:63,14,1,104
BRDA:63,14,2,104
BRDA:65,15,0,0
BRDA:65,15,1,2
BRDA:73,16,0,2
BRDA:73,16,1,3
BRDA:73,17,0,5
BRDA:73,17,1,4
BRDA:73,17,2,3
BRDA:76,18,0,1
BRDA:76,18,1,1
BRDA:80,19,0,1
BRDA:80,19,1,2
BRDA:89,20,0,0
BRDA:89,20,1,100
BRDA:89,21,0,100
BRDA:89,21,1,100
BRDA:89,21,2,100
BRDA:92,22,0,0
BRDA:92,22,1,0
BRDA:96,23,0,0
BRDA:96,23,1,100
BRDA:169,24,0,280
BRDA:169,24,1,2832
BRDA:169,25,0,3112
BRDA:169,25,1,280
BRDA:171,26,0,1
BRDA:171,26,1,10
BRDA:171,26,2,2
BRDA:171,26,3,292
BRDA:171,26,4,2527
BRDA:171,26,5,0
BRDA:175,27,0,7
BRDA:175,27,1,3
BRDA:177,28,0,1
BRDA:177,28,1,2
BRDA:181,29,0,1
BRDA:181,29,1,1
BRDA:182,30,0,1
BRDA:182,30,1,0
BRDA:185,31,0,0
BRDA:185,31,1,1
BRDA:189,32,0,97
BRDA:189,32,1,195
BRDA:190,33,0,49
BRDA:190,33,1,48
BRDA:205,34,0,3425
BRDA:205,34,1,681392
BRDA:207,35,0,672964
BRDA:207,35,1,8428
BRDA:208,36,0,2653
BRDA:208,36,1,670311
BRDA:214,37,0,442
BRDA:214,37,1,7986
BRDA:214,38,0,8428
BRDA:214,38,1,8428
BRDA:225,39,0,6
BRDA:225,39,1,50460
BRF:90
BRH:76
end_of_record
